INFO:root:Left Elbow:152
INFO:root:Right Elbow:159
INFO:root:Left Shoulder:34
INFO:root:Right Shoulder:34
INFO:root:Right Knee:3
INFO:root:Right Hip:7
INFO:root:Left Hip:2
INFO:root:Left Elbow:158
INFO:root:Right Elbow:156
INFO:root:Left Shoulder:31
INFO:root:Right Shoulder:35
INFO:root:Right Knee:3
INFO:root:Right Hip:7
INFO:root:Left Hip:3
INFO:root:Left Elbow:160
INFO:root:Right Elbow:154
INFO:root:Left Shoulder:30
INFO:root:Right Shoulder:35
INFO:root:Right Knee:3
INFO:root:Right Hip:6
INFO:root:Left Hip:3
INFO:root:Left Elbow:160
INFO:root:Right Elbow:152
INFO:root:Left Shoulder:30
INFO:root:Right Shoulder:37
INFO:root:Right Knee:3
INFO:root:Right Hip:6
INFO:root:Left Hip:3
INFO:root:Left Elbow:160
INFO:root:Right Elbow:152
INFO:root:Left Shoulder:30
INFO:root:Right Shoulder:37
INFO:root:Right Knee:3
INFO:root:Right Hip:6
INFO:root:Left Hip:4
INFO:root:Left Elbow:160
INFO:root:Right Elbow:151
INFO:root:Left Shoulder:30
INFO:root:Right Shoulder:37
INFO:root:Right Knee:3
INFO:root:Right Hip:6
INFO:root:Left Hip:4
INFO:root:Left Elbow:161
INFO:root:Right Elbow:152
INFO:root:Left Shoulder:31
INFO:root:Right Shoulder:37
INFO:root:Right Knee:3
INFO:root:Right Hip:6
INFO:root:Left Hip:4
INFO:root:Left Elbow:160
INFO:root:Right Elbow:152
INFO:root:Left Shoulder:31
INFO:root:Right Shoulder:37
INFO:root:Right Knee:3
INFO:root:Right Hip:6
INFO:root:Left Hip:4
INFO:root:Left Elbow:160
INFO:root:Right Elbow:151
INFO:root:Left Shoulder:29
INFO:root:Right Shoulder:37
INFO:root:Right Knee:3
INFO:root:Right Hip:5
INFO:root:Left Hip:4
INFO:root:Left Elbow:160
INFO:root:Right Elbow:151
INFO:root:Left Shoulder:30
INFO:root:Right Shoulder:37
INFO:root:Right Knee:3
INFO:root:Right Hip:5
INFO:root:Left Hip:4
INFO:root:Left Elbow:159
INFO:root:Right Elbow:151
INFO:root:Left Shoulder:30
INFO:root:Right Shoulder:37
INFO:root:Right Knee:3
INFO:root:Right Hip:5
INFO:root:Left Hip:4
INFO:root:Left Elbow:160
INFO:root:Right Elbow:151
INFO:root:Left Shoulder:30
INFO:root:Right Shoulder:37
INFO:root:Right Knee:3
INFO:root:Right Hip:5
INFO:root:Left Hip:4
INFO:root:Left Elbow:160
INFO:root:Right Elbow:151
INFO:root:Left Shoulder:30
INFO:root:Right Shoulder:37
INFO:root:Right Knee:3
INFO:root:Right Hip:5
INFO:root:Left Hip:4
INFO:root:Left Elbow:160
INFO:root:Right Elbow:152
INFO:root:Left Shoulder:30
INFO:root:Right Shoulder:37
INFO:root:Right Knee:3
INFO:root:Right Hip:5
INFO:root:Left Hip:4
INFO:root:Left Elbow:160
INFO:root:Right Elbow:151
INFO:root:Left Shoulder:30
INFO:root:Right Shoulder:37
INFO:root:Right Knee:3
INFO:root:Right Hip:5
INFO:root:Left Hip:4
INFO:root:Left Elbow:160
INFO:root:Right Elbow:151
INFO:root:Left Shoulder:31
INFO:root:Right Shoulder:37
INFO:root:Right Knee:3
INFO:root:Right Hip:5
INFO:root:Left Hip:4
INFO:root:Left Elbow:160
INFO:root:Right Elbow:151
INFO:root:Left Shoulder:31
INFO:root:Right Shoulder:37
INFO:root:Right Knee:3
INFO:root:Right Hip:5
INFO:root:Left Hip:4
INFO:root:Left Elbow:160
INFO:root:Right Elbow:151
INFO:root:Left Shoulder:31
INFO:root:Right Shoulder:37
INFO:root:Right Knee:3
INFO:root:Right Hip:5
INFO:root:Left Hip:4
INFO:root:Left Elbow:159
INFO:root:Right Elbow:151
INFO:root:Left Shoulder:32
INFO:root:Right Shoulder:37
INFO:root:Right Knee:3
INFO:root:Right Hip:5
INFO:root:Left Hip:4
INFO:root:Left Elbow:158
INFO:root:Right Elbow:151
INFO:root:Left Shoulder:32
INFO:root:Right Shoulder:37
INFO:root:Right Knee:3
INFO:root:Right Hip:5
INFO:root:Left Hip:4
INFO:root:Left Elbow:158
INFO:root:Right Elbow:151
INFO:root:Left Shoulder:33
INFO:root:Right Shoulder:37
INFO:root:Right Knee:3
INFO:root:Right Hip:5
INFO:root:Left Hip:4
INFO:root:Left Elbow:158
INFO:root:Right Elbow:152
INFO:root:Left Shoulder:33
INFO:root:Right Shoulder:37
INFO:root:Right Knee:3
INFO:root:Right Hip:5
INFO:root:Left Hip:4
INFO:root:Left Elbow:157
INFO:root:Right Elbow:152
INFO:root:Left Shoulder:32
INFO:root:Right Shoulder:37
INFO:root:Right Knee:4
INFO:root:Right Hip:6
INFO:root:Left Hip:4
INFO:root:Left Elbow:158
INFO:root:Right Elbow:151
INFO:root:Left Shoulder:33
INFO:root:Right Shoulder:37
INFO:root:Right Knee:3
INFO:root:Right Hip:5
INFO:root:Left Hip:4
INFO:root:Left Elbow:158
INFO:root:Right Elbow:151
INFO:root:Left Shoulder:33
INFO:root:Right Shoulder:37
INFO:root:Right Knee:3
INFO:root:Right Hip:5
INFO:root:Left Hip:4
INFO:root:Left Elbow:158
INFO:root:Right Elbow:150
INFO:root:Left Shoulder:32
INFO:root:Right Shoulder:37
INFO:root:Right Knee:3
INFO:root:Right Hip:6
INFO:root:Left Hip:4
INFO:root:Left Elbow:159
INFO:root:Right Elbow:150
INFO:root:Left Shoulder:33
INFO:root:Right Shoulder:37
INFO:root:Right Knee:3
INFO:root:Right Hip:5
INFO:root:Left Hip:4
INFO:root:Left Elbow:158
INFO:root:Right Elbow:151
INFO:root:Left Shoulder:33
INFO:root:Right Shoulder:37
INFO:root:Right Knee:3
INFO:root:Right Hip:5
INFO:root:Left Hip:4
INFO:root:Left Elbow:157
INFO:root:Right Elbow:150
INFO:root:Left Shoulder:33
INFO:root:Right Shoulder:38
INFO:root:Right Knee:3
INFO:root:Right Hip:5
INFO:root:Left Hip:4
INFO:root:Left Elbow:156
INFO:root:Right Elbow:149
INFO:root:Left Shoulder:33
INFO:root:Right Shoulder:37
INFO:root:Right Knee:3
INFO:root:Right Hip:5
INFO:root:Left Hip:4
INFO:root:Left Elbow:156
INFO:root:Right Elbow:150
INFO:root:Left Shoulder:33
INFO:root:Right Shoulder:37
INFO:root:Right Knee:3
INFO:root:Right Hip:5
INFO:root:Left Hip:4
INFO:root:Left Elbow:156
INFO:root:Right Elbow:149
INFO:root:Left Shoulder:32
INFO:root:Right Shoulder:37
INFO:root:Right Knee:3
INFO:root:Right Hip:5
INFO:root:Left Hip:4
INFO:root:Left Elbow:158
INFO:root:Right Elbow:149
INFO:root:Left Shoulder:31
INFO:root:Right Shoulder:37
INFO:root:Right Knee:3
INFO:root:Right Hip:5
INFO:root:Left Hip:4
INFO:root:Left Elbow:158
INFO:root:Right Elbow:149
INFO:root:Left Shoulder:32
INFO:root:Right Shoulder:38
INFO:root:Right Knee:3
INFO:root:Right Hip:5
INFO:root:Left Hip:4
INFO:root:Left Elbow:157
INFO:root:Right Elbow:149
INFO:root:Left Shoulder:32
INFO:root:Right Shoulder:38
INFO:root:Right Knee:3
INFO:root:Right Hip:5
INFO:root:Left Hip:4
INFO:root:Left Elbow:159
INFO:root:Right Elbow:149
INFO:root:Left Shoulder:33
INFO:root:Right Shoulder:38
INFO:root:Right Knee:4
INFO:root:Right Hip:5
INFO:root:Left Hip:4
INFO:root:Left Elbow:158
INFO:root:Right Elbow:150
INFO:root:Left Shoulder:33
INFO:root:Right Shoulder:37
INFO:root:Right Knee:4
INFO:root:Right Hip:5
INFO:root:Left Hip:4
INFO:root:Left Elbow:157
INFO:root:Right Elbow:150
INFO:root:Left Shoulder:31
INFO:root:Right Shoulder:38
INFO:root:Right Knee:4
INFO:root:Right Hip:5
INFO:root:Left Hip:4
INFO:root:Left Elbow:158
INFO:root:Right Elbow:152
INFO:root:Left Shoulder:31
INFO:root:Right Shoulder:37
INFO:root:Right Knee:4
INFO:root:Right Hip:5
INFO:root:Left Hip:4
INFO:root:Left Elbow:158
INFO:root:Right Elbow:151
INFO:root:Left Shoulder:32
INFO:root:Right Shoulder:38
INFO:root:Right Knee:4
INFO:root:Right Hip:5
INFO:root:Left Hip:4
INFO:root:Left Elbow:158
INFO:root:Right Elbow:152
INFO:root:Left Shoulder:32
INFO:root:Right Shoulder:38
INFO:root:Right Knee:4
INFO:root:Right Hip:5
INFO:root:Left Hip:4
INFO:root:Left Elbow:158
INFO:root:Right Elbow:151
INFO:root:Left Shoulder:32
INFO:root:Right Shoulder:38
INFO:root:Right Knee:4
INFO:root:Right Hip:5
INFO:root:Left Hip:4
INFO:root:Left Elbow:158
INFO:root:Right Elbow:150
INFO:root:Left Shoulder:32
INFO:root:Right Shoulder:38
INFO:root:Right Knee:4
INFO:root:Right Hip:5
INFO:root:Left Hip:4
INFO:root:Left Elbow:158
INFO:root:Right Elbow:150
INFO:root:Left Shoulder:33
INFO:root:Right Shoulder:38
INFO:root:Right Knee:4
INFO:root:Right Hip:5
INFO:root:Left Hip:4
INFO:root:Left Elbow:157
INFO:root:Right Elbow:153
INFO:root:Left Shoulder:33
INFO:root:Right Shoulder:38
INFO:root:Right Knee:4
INFO:root:Right Hip:5
INFO:root:Left Hip:4
INFO:root:Left Elbow:156
INFO:root:Right Elbow:152
INFO:root:Left Shoulder:34
INFO:root:Right Shoulder:38
INFO:root:Right Knee:4
INFO:root:Right Hip:5
INFO:root:Left Hip:4
INFO:root:Left Elbow:156
INFO:root:Right Elbow:152
INFO:root:Left Shoulder:34
INFO:root:Right Shoulder:38
INFO:root:Right Knee:4
INFO:root:Right Hip:5
INFO:root:Left Hip:4
INFO:root:Left Elbow:157
INFO:root:Right Elbow:152
INFO:root:Left Shoulder:33
INFO:root:Right Shoulder:38
INFO:root:Right Knee:4
INFO:root:Right Hip:5
INFO:root:Left Hip:4
INFO:root:Left Elbow:158
INFO:root:Right Elbow:152
INFO:root:Left Shoulder:32
INFO:root:Right Shoulder:38
INFO:root:Right Knee:4
INFO:root:Right Hip:5
INFO:root:Left Hip:4
INFO:root:Left Elbow:158
INFO:root:Right Elbow:150
INFO:root:Left Shoulder:32
INFO:root:Right Shoulder:38
INFO:root:Right Knee:4
INFO:root:Right Hip:5
INFO:root:Left Hip:4
INFO:root:Left Elbow:159
INFO:root:Right Elbow:152
INFO:root:Left Shoulder:31
INFO:root:Right Shoulder:38
INFO:root:Right Knee:3
INFO:root:Right Hip:5
INFO:root:Left Hip:4
INFO:root:Left Elbow:159
INFO:root:Right Elbow:154
INFO:root:Left Shoulder:32
INFO:root:Right Shoulder:39
INFO:root:Right Knee:3
INFO:root:Right Hip:5
INFO:root:Left Hip:4
INFO:root:Left Elbow:159
INFO:root:Right Elbow:153
INFO:root:Left Shoulder:31
INFO:root:Right Shoulder:39
INFO:root:Right Knee:3
INFO:root:Right Hip:5
INFO:root:Left Hip:4
INFO:root:Left Elbow:159
INFO:root:Right Elbow:153
INFO:root:Left Shoulder:31
INFO:root:Right Shoulder:39
INFO:root:Right Knee:3
INFO:root:Right Hip:5
INFO:root:Left Hip:4
INFO:root:Left Elbow:158
INFO:root:Right Elbow:153
INFO:root:Left Shoulder:32
INFO:root:Right Shoulder:38
INFO:root:Right Knee:3
INFO:root:Right Hip:5
INFO:root:Left Hip:4
INFO:root:Left Elbow:159
INFO:root:Right Elbow:152
INFO:root:Left Shoulder:32
INFO:root:Right Shoulder:38
INFO:root:Right Knee:3
INFO:root:Right Hip:5
INFO:root:Left Hip:4
INFO:root:Left Elbow:159
INFO:root:Right Elbow:150
INFO:root:Left Shoulder:32
INFO:root:Right Shoulder:39
INFO:root:Right Knee:4
INFO:root:Right Hip:4
INFO:root:Left Hip:4
INFO:root:Left Elbow:158
INFO:root:Right Elbow:150
INFO:root:Left Shoulder:33
INFO:root:Right Shoulder:39
INFO:root:Right Knee:4
INFO:root:Right Hip:4
INFO:root:Left Hip:4
INFO:root:Left Elbow:158
INFO:root:Right Elbow:150
INFO:root:Left Shoulder:32
INFO:root:Right Shoulder:40
INFO:root:Right Knee:4
INFO:root:Right Hip:4
INFO:root:Left Hip:4
INFO:root:Left Elbow:158
INFO:root:Right Elbow:166
INFO:root:Left Shoulder:31
INFO:root:Right Shoulder:40
INFO:root:Right Knee:4
INFO:root:Right Hip:5
INFO:root:Left Hip:4
INFO:root:Left Elbow:158
INFO:root:Right Elbow:153
INFO:root:Left Shoulder:31
INFO:root:Right Shoulder:40
INFO:root:Right Knee:3
INFO:root:Right Hip:4
INFO:root:Left Hip:4
INFO:root:Left Elbow:157
INFO:root:Right Elbow:149
INFO:root:Left Shoulder:32
INFO:root:Right Shoulder:40
INFO:root:Right Knee:3
INFO:root:Right Hip:5
INFO:root:Left Hip:4
INFO:root:Left Elbow:157
INFO:root:Right Elbow:149
INFO:root:Left Shoulder:32
INFO:root:Right Shoulder:39
INFO:root:Right Knee:3
INFO:root:Right Hip:5
INFO:root:Left Hip:4
INFO:root:Left Elbow:157
INFO:root:Right Elbow:149
INFO:root:Left Shoulder:32
INFO:root:Right Shoulder:39
INFO:root:Right Knee:3
INFO:root:Right Hip:5
INFO:root:Left Hip:4
INFO:root:Left Elbow:157
INFO:root:Right Elbow:149
INFO:root:Left Shoulder:32
INFO:root:Right Shoulder:39
INFO:root:Right Knee:3
INFO:root:Right Hip:5
INFO:root:Left Hip:4
INFO:root:Left Elbow:158
INFO:root:Right Elbow:148
INFO:root:Left Shoulder:32
INFO:root:Right Shoulder:39
INFO:root:Right Knee:3
INFO:root:Right Hip:5
INFO:root:Left Hip:4
INFO:root:Left Elbow:158
INFO:root:Right Elbow:147
INFO:root:Left Shoulder:32
INFO:root:Right Shoulder:39
INFO:root:Right Knee:3
INFO:root:Right Hip:5
INFO:root:Left Hip:4
INFO:root:Left Elbow:158
INFO:root:Right Elbow:147
INFO:root:Left Shoulder:32
INFO:root:Right Shoulder:39
INFO:root:Right Knee:3
INFO:root:Right Hip:5
INFO:root:Left Hip:4
INFO:root:Left Elbow:158
INFO:root:Right Elbow:147
INFO:root:Left Shoulder:32
INFO:root:Right Shoulder:39
INFO:root:Right Knee:3
INFO:root:Right Hip:5
INFO:root:Left Hip:4
INFO:root:Left Elbow:159
INFO:root:Right Elbow:147
INFO:root:Left Shoulder:31
INFO:root:Right Shoulder:39
INFO:root:Right Knee:3
INFO:root:Right Hip:5
INFO:root:Left Hip:4
INFO:root:Left Elbow:159
INFO:root:Right Elbow:148
INFO:root:Left Shoulder:31
INFO:root:Right Shoulder:38
INFO:root:Right Knee:3
INFO:root:Right Hip:5
INFO:root:Left Hip:4
INFO:root:Left Elbow:159
INFO:root:Right Elbow:149
INFO:root:Left Shoulder:31
INFO:root:Right Shoulder:38
INFO:root:Right Knee:3
INFO:root:Right Hip:5
INFO:root:Left Hip:4
INFO:root:Left Elbow:160
INFO:root:Right Elbow:149
INFO:root:Left Shoulder:30
INFO:root:Right Shoulder:38
INFO:root:Right Knee:3
INFO:root:Right Hip:5
INFO:root:Left Hip:4
INFO:root:Left Elbow:159
INFO:root:Right Elbow:149
INFO:root:Left Shoulder:31
INFO:root:Right Shoulder:37
INFO:root:Right Knee:3
INFO:root:Right Hip:5
INFO:root:Left Hip:4
INFO:root:Left Elbow:159
INFO:root:Right Elbow:148
INFO:root:Left Shoulder:31
INFO:root:Right Shoulder:38
INFO:root:Right Knee:3
INFO:root:Right Hip:5
INFO:root:Left Hip:4
INFO:root:Left Elbow:159
INFO:root:Right Elbow:148
INFO:root:Left Shoulder:31
INFO:root:Right Shoulder:38
INFO:root:Right Knee:3
INFO:root:Right Hip:5
INFO:root:Left Hip:4
INFO:root:Left Elbow:159
INFO:root:Right Elbow:148
INFO:root:Left Shoulder:31
INFO:root:Right Shoulder:38
INFO:root:Right Knee:3
INFO:root:Right Hip:5
INFO:root:Left Hip:4
INFO:root:Left Elbow:159
INFO:root:Right Elbow:149
INFO:root:Left Shoulder:31
INFO:root:Right Shoulder:38
INFO:root:Right Knee:3
INFO:root:Right Hip:5
INFO:root:Left Hip:4
INFO:root:Left Elbow:159
INFO:root:Right Elbow:148
INFO:root:Left Shoulder:31
INFO:root:Right Shoulder:38
INFO:root:Right Knee:3
INFO:root:Right Hip:5
INFO:root:Left Hip:4
INFO:root:Left Elbow:159
INFO:root:Right Elbow:148
INFO:root:Left Shoulder:31
INFO:root:Right Shoulder:38
INFO:root:Right Knee:3
INFO:root:Right Hip:5
INFO:root:Left Hip:4
INFO:root:Left Elbow:159
INFO:root:Right Elbow:149
INFO:root:Left Shoulder:31
INFO:root:Right Shoulder:38
INFO:root:Right Knee:3
INFO:root:Right Hip:5
INFO:root:Left Hip:4
INFO:root:Left Elbow:159
INFO:root:Right Elbow:148
INFO:root:Left Shoulder:31
INFO:root:Right Shoulder:38
INFO:root:Right Knee:3
INFO:root:Right Hip:5
INFO:root:Left Hip:4
INFO:root:Left Elbow:158
INFO:root:Right Elbow:149
INFO:root:Left Shoulder:31
INFO:root:Right Shoulder:38
INFO:root:Right Knee:3
INFO:root:Right Hip:5
INFO:root:Left Hip:4
INFO:root:Left Elbow:159
INFO:root:Right Elbow:148
INFO:root:Left Shoulder:31
INFO:root:Right Shoulder:38
INFO:root:Right Knee:3
INFO:root:Right Hip:5
INFO:root:Left Hip:4
INFO:root:Left Elbow:159
INFO:root:Right Elbow:149
INFO:root:Left Shoulder:31
INFO:root:Right Shoulder:38
INFO:root:Right Knee:3
INFO:root:Right Hip:5
INFO:root:Left Hip:4
INFO:root:Left Elbow:159
INFO:root:Right Elbow:148
INFO:root:Left Shoulder:31
INFO:root:Right Shoulder:39
INFO:root:Right Knee:3
INFO:root:Right Hip:5
INFO:root:Left Hip:4
INFO:root:Left Elbow:158
INFO:root:Right Elbow:148
INFO:root:Left Shoulder:31
INFO:root:Right Shoulder:39
INFO:root:Right Knee:3
INFO:root:Right Hip:5
INFO:root:Left Hip:4
INFO:root:Left Elbow:158
INFO:root:Right Elbow:147
INFO:root:Left Shoulder:31
INFO:root:Right Shoulder:39
INFO:root:Right Knee:3
INFO:root:Right Hip:5
INFO:root:Left Hip:4
INFO:root:Left Elbow:158
INFO:root:Right Elbow:148
INFO:root:Left Shoulder:31
INFO:root:Right Shoulder:38
INFO:root:Right Knee:3
INFO:root:Right Hip:5
INFO:root:Left Hip:4
INFO:root:Left Elbow:158
INFO:root:Right Elbow:147
INFO:root:Left Shoulder:31
INFO:root:Right Shoulder:38
INFO:root:Right Knee:3
INFO:root:Right Hip:5
INFO:root:Left Hip:5
INFO:root:Left Elbow:158
INFO:root:Right Elbow:147
INFO:root:Left Shoulder:31
INFO:root:Right Shoulder:38
INFO:root:Right Knee:3
INFO:root:Right Hip:5
INFO:root:Left Hip:5
INFO:root:Left Elbow:158
INFO:root:Right Elbow:149
INFO:root:Left Shoulder:31
INFO:root:Right Shoulder:38
INFO:root:Right Knee:3
INFO:root:Right Hip:5
INFO:root:Left Hip:4
INFO:root:Left Elbow:159
INFO:root:Right Elbow:149
INFO:root:Left Shoulder:32
INFO:root:Right Shoulder:38
INFO:root:Right Knee:3
INFO:root:Right Hip:5
INFO:root:Left Hip:5
INFO:root:Left Elbow:158
INFO:root:Right Elbow:149
INFO:root:Left Shoulder:32
INFO:root:Right Shoulder:38
INFO:root:Right Knee:3
INFO:root:Right Hip:5
INFO:root:Left Hip:5
INFO:root:Left Elbow:159
INFO:root:Right Elbow:148
INFO:root:Left Shoulder:31
INFO:root:Right Shoulder:38
INFO:root:Right Knee:3
INFO:root:Right Hip:5
INFO:root:Left Hip:5
INFO:root:Left Elbow:159
INFO:root:Right Elbow:148
INFO:root:Left Shoulder:31
INFO:root:Right Shoulder:38
INFO:root:Right Knee:3
INFO:root:Right Hip:5
INFO:root:Left Hip:4
INFO:root:Left Elbow:160
INFO:root:Right Elbow:149
INFO:root:Left Shoulder:30
INFO:root:Right Shoulder:38
INFO:root:Right Knee:3
INFO:root:Right Hip:5
INFO:root:Left Hip:4
INFO:root:Left Elbow:160
INFO:root:Right Elbow:148
INFO:root:Left Shoulder:30
INFO:root:Right Shoulder:38
INFO:root:Right Knee:3
INFO:root:Right Hip:5
INFO:root:Left Hip:4
INFO:root:Left Elbow:160
INFO:root:Right Elbow:148
INFO:root:Left Shoulder:30
INFO:root:Right Shoulder:38
INFO:root:Right Knee:3
INFO:root:Right Hip:5
INFO:root:Left Hip:4
INFO:root:Left Elbow:160
INFO:root:Right Elbow:150
INFO:root:Left Shoulder:31
INFO:root:Right Shoulder:38
INFO:root:Right Knee:3
INFO:root:Right Hip:5
INFO:root:Left Hip:4
INFO:root:Left Elbow:160
INFO:root:Right Elbow:115
INFO:root:Left Shoulder:31
INFO:root:Right Shoulder:41
INFO:root:Right Knee:3
INFO:root:Right Hip:5
INFO:root:Left Hip:4
INFO:root:Left Elbow:159
INFO:root:Right Elbow:135
INFO:root:Left Shoulder:32
INFO:root:Right Shoulder:41
INFO:root:Right Knee:3
INFO:root:Right Hip:5
INFO:root:Left Hip:4
INFO:root:Left Elbow:159
INFO:root:Right Elbow:154
INFO:root:Left Shoulder:32
INFO:root:Right Shoulder:41
INFO:root:Right Knee:3
INFO:root:Right Hip:5
INFO:root:Left Hip:4
INFO:root:Left Elbow:159
INFO:root:Right Elbow:151
INFO:root:Left Shoulder:32
INFO:root:Right Shoulder:41
INFO:root:Right Knee:3
INFO:root:Right Hip:5
INFO:root:Left Hip:4
INFO:root:Left Elbow:159
INFO:root:Right Elbow:146
INFO:root:Left Shoulder:32
INFO:root:Right Shoulder:41
INFO:root:Right Knee:3
INFO:root:Right Hip:5
INFO:root:Left Hip:4
INFO:root:Left Elbow:159
INFO:root:Right Elbow:146
INFO:root:Left Shoulder:32
INFO:root:Right Shoulder:41
INFO:root:Right Knee:3
INFO:root:Right Hip:5
INFO:root:Left Hip:4
INFO:root:Left Elbow:159
INFO:root:Right Elbow:146
INFO:root:Left Shoulder:32
INFO:root:Right Shoulder:41
INFO:root:Right Knee:3
INFO:root:Right Hip:4
INFO:root:Left Hip:5
INFO:root:Left Elbow:159
INFO:root:Right Elbow:147
INFO:root:Left Shoulder:33
INFO:root:Right Shoulder:41
INFO:root:Right Knee:3
INFO:root:Right Hip:4
INFO:root:Left Hip:4
INFO:root:Left Elbow:158
INFO:root:Right Elbow:147
INFO:root:Left Shoulder:32
INFO:root:Right Shoulder:41
INFO:root:Right Knee:3
INFO:root:Right Hip:4
INFO:root:Left Hip:4
INFO:root:Left Elbow:158
INFO:root:Right Elbow:147
INFO:root:Left Shoulder:32
INFO:root:Right Shoulder:41
INFO:root:Right Knee:3
INFO:root:Right Hip:4
INFO:root:Left Hip:4
INFO:root:Left Elbow:158
INFO:root:Right Elbow:147
INFO:root:Left Shoulder:32
INFO:root:Right Shoulder:41
INFO:root:Right Knee:3
INFO:root:Right Hip:4
INFO:root:Left Hip:4
INFO:root:Left Elbow:160
INFO:root:Right Elbow:148
INFO:root:Left Shoulder:31
INFO:root:Right Shoulder:40
INFO:root:Right Knee:3
INFO:root:Right Hip:4
INFO:root:Left Hip:4
INFO:root:Left Elbow:160
INFO:root:Right Elbow:149
INFO:root:Left Shoulder:30
INFO:root:Right Shoulder:39
INFO:root:Right Knee:3
INFO:root:Right Hip:4
INFO:root:Left Hip:4
INFO:root:Left Elbow:161
INFO:root:Right Elbow:153
INFO:root:Left Shoulder:29
INFO:root:Right Shoulder:34
INFO:root:Right Knee:3
INFO:root:Right Hip:4
INFO:root:Left Hip:4
INFO:root:Left Elbow:162
INFO:root:Right Elbow:154
INFO:root:Left Shoulder:28
INFO:root:Right Shoulder:33
INFO:root:Right Knee:3
INFO:root:Right Hip:4
INFO:root:Left Hip:4
INFO:root:Left Elbow:173
INFO:root:Right Elbow:59
INFO:root:Left Shoulder:36
INFO:root:Right Shoulder:36
INFO:root:Right Knee:2
INFO:root:Right Hip:3
INFO:root:Left Hip:4
INFO:root:Left Elbow:47
INFO:root:Right Elbow:52
INFO:root:Left Shoulder:43
INFO:root:Right Shoulder:42
INFO:root:Right Knee:1
INFO:root:Right Hip:3
INFO:root:Left Hip:4
INFO:root:Left Elbow:39
INFO:root:Right Elbow:47
INFO:root:Left Shoulder:50
INFO:root:Right Shoulder:52
INFO:root:Right Knee:1
INFO:root:Right Hip:3
INFO:root:Left Hip:4
INFO:root:Left Elbow:38
INFO:root:Right Elbow:46
INFO:root:Left Shoulder:55
INFO:root:Right Shoulder:61
INFO:root:Right Knee:1
INFO:root:Right Hip:4
INFO:root:Left Hip:3
INFO:root:Left Elbow:36
INFO:root:Right Elbow:45
INFO:root:Left Shoulder:57
INFO:root:Right Shoulder:66
INFO:root:Right Knee:2
INFO:root:Right Hip:5
INFO:root:Left Hip:2
INFO:root:Left Elbow:33
INFO:root:Right Elbow:41
INFO:root:Left Shoulder:55
INFO:root:Right Shoulder:64
INFO:root:Right Knee:2
INFO:root:Right Hip:5
INFO:root:Left Hip:2
INFO:root:Left Elbow:31
INFO:root:Right Elbow:39
INFO:root:Left Shoulder:54
INFO:root:Right Shoulder:63
INFO:root:Right Knee:3
INFO:root:Right Hip:5
INFO:root:Left Hip:2
INFO:root:Left Elbow:29
INFO:root:Right Elbow:37
INFO:root:Left Shoulder:53
INFO:root:Right Shoulder:61
INFO:root:Right Knee:2
INFO:root:Right Hip:5
INFO:root:Left Hip:2
INFO:root:Left Elbow:27
INFO:root:Right Elbow:36
INFO:root:Left Shoulder:51
INFO:root:Right Shoulder:60
INFO:root:Right Knee:3
INFO:root:Right Hip:5
INFO:root:Left Hip:2
INFO:root:Left Elbow:24
INFO:root:Right Elbow:34
INFO:root:Left Shoulder:50
INFO:root:Right Shoulder:58
INFO:root:Right Knee:3
INFO:root:Right Hip:5
INFO:root:Left Hip:2
INFO:root:Left Elbow:23
INFO:root:Right Elbow:34
INFO:root:Left Shoulder:50
INFO:root:Right Shoulder:58
INFO:root:Right Knee:2
INFO:root:Right Hip:5
INFO:root:Left Hip:2
INFO:root:Left Elbow:23
INFO:root:Right Elbow:33
INFO:root:Left Shoulder:49
INFO:root:Right Shoulder:57
INFO:root:Right Knee:3
INFO:root:Right Hip:5
INFO:root:Left Hip:2
INFO:root:Left Elbow:24
INFO:root:Right Elbow:33
INFO:root:Left Shoulder:50
INFO:root:Right Shoulder:57
INFO:root:Right Knee:3
INFO:root:Right Hip:5
INFO:root:Left Hip:2
INFO:root:Left Elbow:23
INFO:root:Right Elbow:34
INFO:root:Left Shoulder:49
INFO:root:Right Shoulder:57
INFO:root:Right Knee:2
INFO:root:Right Hip:4
INFO:root:Left Hip:3
INFO:root:Left Elbow:23
INFO:root:Right Elbow:34
INFO:root:Left Shoulder:50
INFO:root:Right Shoulder:57
INFO:root:Right Knee:2
INFO:root:Right Hip:4
INFO:root:Left Hip:3
INFO:root:Left Elbow:23
INFO:root:Right Elbow:35
INFO:root:Left Shoulder:50
INFO:root:Right Shoulder:57
INFO:root:Right Knee:3
INFO:root:Right Hip:4
INFO:root:Left Hip:3
INFO:root:Left Elbow:24
INFO:root:Right Elbow:36
INFO:root:Left Shoulder:52
INFO:root:Right Shoulder:59
INFO:root:Right Knee:3
INFO:root:Right Hip:4
INFO:root:Left Hip:2
INFO:root:Left Elbow:29
INFO:root:Right Elbow:42
INFO:root:Left Shoulder:58
INFO:root:Right Shoulder:65
INFO:root:Right Knee:3
INFO:root:Right Hip:5
INFO:root:Left Hip:2
INFO:root:Left Elbow:45
INFO:root:Right Elbow:58
INFO:root:Left Shoulder:73
INFO:root:Right Shoulder:80
INFO:root:Right Knee:3
INFO:root:Right Hip:5
INFO:root:Left Hip:2
INFO:root:Left Elbow:85
INFO:root:Right Elbow:94
INFO:root:Left Shoulder:109
INFO:root:Right Shoulder:109
INFO:root:Right Knee:1
INFO:root:Right Hip:3
INFO:root:Left Hip:3
INFO:root:Left Elbow:111
INFO:root:Right Elbow:123
INFO:root:Left Shoulder:126
INFO:root:Right Shoulder:131
INFO:root:Right Knee:1
INFO:root:Right Hip:3
INFO:root:Left Hip:3
INFO:root:Left Elbow:143
INFO:root:Right Elbow:147
INFO:root:Left Shoulder:144
INFO:root:Right Shoulder:144
INFO:root:Right Knee:2
INFO:root:Right Hip:3
INFO:root:Left Hip:2
INFO:root:Left Elbow:170
INFO:root:Right Elbow:169
INFO:root:Left Shoulder:158
INFO:root:Right Shoulder:151
INFO:root:Right Knee:1
INFO:root:Right Hip:3
INFO:root:Left Hip:2
INFO:root:Left Elbow:179
INFO:root:Right Elbow:175
INFO:root:Left Shoulder:162
INFO:root:Right Shoulder:153
INFO:root:Right Knee:2
INFO:root:Right Hip:3
INFO:root:Left Hip:2
INFO:root:Left Elbow:178
INFO:root:Right Elbow:177
INFO:root:Left Shoulder:164
INFO:root:Right Shoulder:156
INFO:root:Right Knee:2
INFO:root:Right Hip:2
INFO:root:Left Hip:3
INFO:root:Left Elbow:173
INFO:root:Right Elbow:177
INFO:root:Left Shoulder:165
INFO:root:Right Shoulder:161
INFO:root:Right Knee:3
INFO:root:Right Hip:3
INFO:root:Left Hip:3
INFO:root:Left Elbow:174
INFO:root:Right Elbow:172
INFO:root:Left Shoulder:164
INFO:root:Right Shoulder:167
INFO:root:Right Knee:3
INFO:root:Right Hip:3
INFO:root:Left Hip:2
INFO:root:Left Elbow:177
INFO:root:Right Elbow:177
INFO:root:Left Shoulder:165
INFO:root:Right Shoulder:169
INFO:root:Right Knee:3
INFO:root:Right Hip:3
INFO:root:Left Hip:2
INFO:root:Left Elbow:167
INFO:root:Right Elbow:175
INFO:root:Left Shoulder:166
INFO:root:Right Shoulder:172
INFO:root:Right Knee:2
INFO:root:Right Hip:3
INFO:root:Left Hip:2
INFO:root:Left Elbow:171
INFO:root:Right Elbow:177
INFO:root:Left Shoulder:167
INFO:root:Right Shoulder:175
INFO:root:Right Knee:2
INFO:root:Right Hip:3
INFO:root:Left Hip:2
INFO:root:Left Elbow:171
INFO:root:Right Elbow:174
INFO:root:Left Shoulder:168
INFO:root:Right Shoulder:176
INFO:root:Right Knee:2
INFO:root:Right Hip:3
INFO:root:Left Hip:1
INFO:root:Left Elbow:166
INFO:root:Right Elbow:163
INFO:root:Left Shoulder:167
INFO:root:Right Shoulder:176
INFO:root:Right Knee:1
INFO:root:Right Hip:3
INFO:root:Left Hip:1
INFO:root:Left Elbow:169
INFO:root:Right Elbow:47
INFO:root:Left Shoulder:168
INFO:root:Right Shoulder:179
INFO:root:Right Knee:1
INFO:root:Right Hip:3
INFO:root:Left Hip:1
INFO:root:Left Elbow:161
INFO:root:Right Elbow:157
INFO:root:Left Shoulder:169
INFO:root:Right Shoulder:179
INFO:root:Right Knee:1
INFO:root:Right Hip:3
INFO:root:Left Hip:1
INFO:root:Left Elbow:149
INFO:root:Right Elbow:148
INFO:root:Left Shoulder:171
INFO:root:Right Shoulder:177
INFO:root:Right Knee:1
INFO:root:Right Hip:3
INFO:root:Left Hip:1
INFO:root:Left Elbow:120
INFO:root:Right Elbow:158
INFO:root:Left Shoulder:175
INFO:root:Right Shoulder:176
INFO:root:Right Knee:1
INFO:root:Right Hip:3
INFO:root:Left Hip:1
INFO:root:Left Elbow:117
INFO:root:Right Elbow:163
INFO:root:Left Shoulder:175
INFO:root:Right Shoulder:174
INFO:root:Right Knee:1
INFO:root:Right Hip:2
INFO:root:Left Hip:1
INFO:root:Left Elbow:93
INFO:root:Right Elbow:144
INFO:root:Left Shoulder:176
INFO:root:Right Shoulder:173
INFO:root:Right Knee:2
INFO:root:Right Hip:4
INFO:root:Left Hip:1
INFO:root:Left Elbow:83
INFO:root:Right Elbow:170
INFO:root:Left Shoulder:176
INFO:root:Right Shoulder:171
INFO:root:Right Knee:3
INFO:root:Right Hip:4
INFO:root:Left Hip:1
INFO:root:Left Elbow:82
INFO:root:Right Elbow:167
INFO:root:Left Shoulder:176
INFO:root:Right Shoulder:171
INFO:root:Right Knee:3
INFO:root:Right Hip:4
INFO:root:Left Hip:1
INFO:root:Left Elbow:86
INFO:root:Right Elbow:171
INFO:root:Left Shoulder:175
INFO:root:Right Shoulder:172
INFO:root:Right Knee:3
INFO:root:Right Hip:4
INFO:root:Left Hip:1
INFO:root:Left Elbow:91
INFO:root:Right Elbow:171
INFO:root:Left Shoulder:174
INFO:root:Right Shoulder:173
INFO:root:Right Knee:2
INFO:root:Right Hip:4
INFO:root:Left Hip:1
INFO:root:Left Elbow:132
INFO:root:Right Elbow:175
INFO:root:Left Shoulder:174
INFO:root:Right Shoulder:171
INFO:root:Right Knee:2
INFO:root:Right Hip:4
INFO:root:Left Hip:1
INFO:root:Left Elbow:147
INFO:root:Right Elbow:164
INFO:root:Left Shoulder:173
INFO:root:Right Shoulder:176
INFO:root:Right Knee:2
INFO:root:Right Hip:4
INFO:root:Left Hip:1
INFO:root:Left Elbow:154
INFO:root:Right Elbow:50
INFO:root:Left Shoulder:164
INFO:root:Right Shoulder:173
INFO:root:Right Knee:2
INFO:root:Right Hip:4
INFO:root:Left Hip:1
INFO:root:Left Elbow:111
INFO:root:Right Elbow:35
INFO:root:Left Shoulder:157
INFO:root:Right Shoulder:166
INFO:root:Right Knee:2
INFO:root:Right Hip:4
INFO:root:Left Hip:1
INFO:root:Left Elbow:31
INFO:root:Right Elbow:28
INFO:root:Left Shoulder:146
INFO:root:Right Shoulder:159
INFO:root:Right Knee:2
INFO:root:Right Hip:4
INFO:root:Left Hip:1
INFO:root:Left Elbow:32
INFO:root:Right Elbow:31
INFO:root:Left Shoulder:139
INFO:root:Right Shoulder:153
INFO:root:Right Knee:2
INFO:root:Right Hip:4
INFO:root:Left Hip:2
INFO:root:Left Elbow:35
INFO:root:Right Elbow:35
INFO:root:Left Shoulder:135
INFO:root:Right Shoulder:148
INFO:root:Right Knee:2
INFO:root:Right Hip:4
INFO:root:Left Hip:2
INFO:root:Left Elbow:38
INFO:root:Right Elbow:37
INFO:root:Left Shoulder:135
INFO:root:Right Shoulder:143
INFO:root:Right Knee:2
INFO:root:Right Hip:4
INFO:root:Left Hip:2
INFO:root:Left Elbow:41
INFO:root:Right Elbow:38
INFO:root:Left Shoulder:136
INFO:root:Right Shoulder:142
INFO:root:Right Knee:2
INFO:root:Right Hip:4
INFO:root:Left Hip:2
INFO:root:Left Elbow:43
INFO:root:Right Elbow:42
INFO:root:Left Shoulder:135
INFO:root:Right Shoulder:142
INFO:root:Right Knee:3
INFO:root:Right Hip:4
INFO:root:Left Hip:2
INFO:root:Left Elbow:43
INFO:root:Right Elbow:43
INFO:root:Left Shoulder:135
INFO:root:Right Shoulder:140
INFO:root:Right Knee:3
INFO:root:Right Hip:4
INFO:root:Left Hip:2
INFO:root:Left Elbow:47
INFO:root:Right Elbow:46
INFO:root:Left Shoulder:136
INFO:root:Right Shoulder:140
INFO:root:Right Knee:2
INFO:root:Right Hip:4
INFO:root:Left Hip:2
INFO:root:Left Elbow:50
INFO:root:Right Elbow:64
INFO:root:Left Shoulder:136
INFO:root:Right Shoulder:141
INFO:root:Right Knee:3
INFO:root:Right Hip:4
INFO:root:Left Hip:2
INFO:root:Left Elbow:66
INFO:root:Right Elbow:81
INFO:root:Left Shoulder:136
INFO:root:Right Shoulder:142
INFO:root:Right Knee:3
INFO:root:Right Hip:4
INFO:root:Left Hip:2
INFO:root:Left Elbow:78
INFO:root:Right Elbow:90
INFO:root:Left Shoulder:135
INFO:root:Right Shoulder:142
INFO:root:Right Knee:3
INFO:root:Right Hip:4
INFO:root:Left Hip:2
INFO:root:Left Elbow:87
INFO:root:Right Elbow:93
INFO:root:Left Shoulder:134
INFO:root:Right Shoulder:143
INFO:root:Right Knee:3
INFO:root:Right Hip:5
INFO:root:Left Hip:1
INFO:root:Left Elbow:94
INFO:root:Right Elbow:93
INFO:root:Left Shoulder:133
INFO:root:Right Shoulder:142
INFO:root:Right Knee:3
INFO:root:Right Hip:5
INFO:root:Left Hip:1
INFO:root:Left Elbow:96
INFO:root:Right Elbow:91
INFO:root:Left Shoulder:132
INFO:root:Right Shoulder:142
INFO:root:Right Knee:3
INFO:root:Right Hip:5
INFO:root:Left Hip:1
INFO:root:Left Elbow:100
INFO:root:Right Elbow:93
INFO:root:Left Shoulder:130
INFO:root:Right Shoulder:141
INFO:root:Right Knee:2
INFO:root:Right Hip:4
INFO:root:Left Hip:1
INFO:root:Left Elbow:104
INFO:root:Right Elbow:100
INFO:root:Left Shoulder:131
INFO:root:Right Shoulder:140
INFO:root:Right Knee:1
INFO:root:Right Hip:4
INFO:root:Left Hip:1
INFO:root:Left Elbow:106
INFO:root:Right Elbow:109
INFO:root:Left Shoulder:130
INFO:root:Right Shoulder:139
INFO:root:Right Knee:1
INFO:root:Right Hip:4
INFO:root:Left Hip:1
INFO:root:Left Elbow:104
INFO:root:Right Elbow:114
INFO:root:Left Shoulder:126
INFO:root:Right Shoulder:136
INFO:root:Right Knee:1
INFO:root:Right Hip:4
INFO:root:Left Hip:2
INFO:root:Left Elbow:96
INFO:root:Right Elbow:111
INFO:root:Left Shoulder:118
INFO:root:Right Shoulder:133
INFO:root:Right Knee:1
INFO:root:Right Hip:5
INFO:root:Left Hip:2
INFO:root:Left Elbow:72
INFO:root:Right Elbow:100
INFO:root:Left Shoulder:94
INFO:root:Right Shoulder:118
INFO:root:Right Knee:1
INFO:root:Right Hip:5
INFO:root:Left Hip:3
INFO:root:Left Elbow:145
INFO:root:Right Elbow:133
INFO:root:Left Shoulder:62
INFO:root:Right Shoulder:76
INFO:root:Right Knee:2
INFO:root:Right Hip:7
INFO:root:Left Hip:4
INFO:root:Left Elbow:130
INFO:root:Right Elbow:155
INFO:root:Left Shoulder:50
INFO:root:Right Shoulder:46
INFO:root:Right Knee:3
INFO:root:Right Hip:5
INFO:root:Left Hip:4
INFO:root:Left Elbow:151
INFO:root:Right Elbow:161
INFO:root:Left Shoulder:38
INFO:root:Right Shoulder:37
INFO:root:Right Knee:3
INFO:root:Right Hip:4
INFO:root:Left Hip:6
INFO:root:Left Elbow:159
INFO:root:Right Elbow:155
INFO:root:Left Shoulder:31
INFO:root:Right Shoulder:34
INFO:root:Right Knee:2
INFO:root:Right Hip:5
INFO:root:Left Hip:5
INFO:root:Left Elbow:156
INFO:root:Right Elbow:157
INFO:root:Left Shoulder:34
INFO:root:Right Shoulder:36
INFO:root:Right Knee:2
INFO:root:Right Hip:4
INFO:root:Left Hip:6
INFO:root:Left Elbow:154
INFO:root:Right Elbow:171
INFO:root:Left Shoulder:35
INFO:root:Right Shoulder:40
INFO:root:Right Knee:2
INFO:root:Right Hip:5
INFO:root:Left Hip:6
INFO:root:Left Elbow:152
INFO:root:Right Elbow:154
INFO:root:Left Shoulder:37
INFO:root:Right Shoulder:38
INFO:root:Right Knee:3
INFO:root:Right Hip:5
INFO:root:Left Hip:6
INFO:root:Left Elbow:151
INFO:root:Right Elbow:151
INFO:root:Left Shoulder:38
INFO:root:Right Shoulder:39
INFO:root:Right Knee:2
INFO:root:Right Hip:4
INFO:root:Left Hip:7
INFO:root:Left Elbow:152
INFO:root:Right Elbow:158
INFO:root:Left Shoulder:36
INFO:root:Right Shoulder:40
INFO:root:Right Knee:3
INFO:root:Right Hip:5
INFO:root:Left Hip:6
INFO:root:Left Elbow:151
INFO:root:Right Elbow:161
INFO:root:Left Shoulder:39
INFO:root:Right Shoulder:43
INFO:root:Right Knee:2
INFO:root:Right Hip:5
INFO:root:Left Hip:6
INFO:root:Left Elbow:153
INFO:root:Right Elbow:84
INFO:root:Left Shoulder:36
INFO:root:Right Shoulder:46
INFO:root:Right Knee:2
INFO:root:Right Hip:5
INFO:root:Left Hip:6
INFO:root:Left Elbow:155
INFO:root:Right Elbow:153
INFO:root:Left Shoulder:34
INFO:root:Right Shoulder:42
INFO:root:Right Knee:2
INFO:root:Right Hip:5
INFO:root:Left Hip:6
INFO:root:Left Elbow:156
INFO:root:Right Elbow:156
INFO:root:Left Shoulder:35
INFO:root:Right Shoulder:42
INFO:root:Right Knee:2
INFO:root:Right Hip:4
INFO:root:Left Hip:6
INFO:root:Left Elbow:152
INFO:root:Right Elbow:161
INFO:root:Left Shoulder:39
INFO:root:Right Shoulder:41
INFO:root:Right Knee:2
INFO:root:Right Hip:4
INFO:root:Left Hip:6
INFO:root:Left Elbow:153
INFO:root:Right Elbow:154
INFO:root:Left Shoulder:35
INFO:root:Right Shoulder:40
INFO:root:Right Knee:1
INFO:root:Right Hip:4
INFO:root:Left Hip:7
INFO:root:Left Elbow:154
INFO:root:Right Elbow:155
INFO:root:Left Shoulder:35
INFO:root:Right Shoulder:39
INFO:root:Right Knee:2
INFO:root:Right Hip:4
INFO:root:Left Hip:7
INFO:root:Left Elbow:154
INFO:root:Right Elbow:154
INFO:root:Left Shoulder:35
INFO:root:Right Shoulder:41
INFO:root:Right Knee:2
INFO:root:Right Hip:4
INFO:root:Left Hip:7
INFO:root:Left Elbow:153
INFO:root:Right Elbow:66
INFO:root:Left Shoulder:36
INFO:root:Right Shoulder:44
INFO:root:Right Knee:2
INFO:root:Right Hip:4
INFO:root:Left Hip:7
INFO:root:Left Elbow:156
INFO:root:Right Elbow:83
INFO:root:Left Shoulder:32
INFO:root:Right Shoulder:45
INFO:root:Right Knee:2
INFO:root:Right Hip:4
INFO:root:Left Hip:7
INFO:root:Left Elbow:155
INFO:root:Right Elbow:160
INFO:root:Left Shoulder:33
INFO:root:Right Shoulder:45
INFO:root:Right Knee:2
INFO:root:Right Hip:4
INFO:root:Left Hip:7
INFO:root:Left Elbow:154
INFO:root:Right Elbow:151
INFO:root:Left Shoulder:35
INFO:root:Right Shoulder:45
INFO:root:Right Knee:2
INFO:root:Right Hip:4
INFO:root:Left Hip:7
INFO:root:Left Elbow:153
INFO:root:Right Elbow:153
INFO:root:Left Shoulder:36
INFO:root:Right Shoulder:45
INFO:root:Right Knee:3
INFO:root:Right Hip:4
INFO:root:Left Hip:7
INFO:root:Left Elbow:153
INFO:root:Right Elbow:69
INFO:root:Left Shoulder:36
INFO:root:Right Shoulder:45
INFO:root:Right Knee:2
INFO:root:Right Hip:4
INFO:root:Left Hip:6
INFO:root:Left Elbow:152
INFO:root:Right Elbow:64
INFO:root:Left Shoulder:38
INFO:root:Right Shoulder:46
INFO:root:Right Knee:3
INFO:root:Right Hip:4
INFO:root:Left Hip:6
INFO:root:Left Elbow:152
INFO:root:Right Elbow:153
INFO:root:Left Shoulder:38
INFO:root:Right Shoulder:45
INFO:root:Right Knee:3
INFO:root:Right Hip:4
INFO:root:Left Hip:6
INFO:root:Left Elbow:10
INFO:root:Right Elbow:133
INFO:root:Left Shoulder:40
INFO:root:Right Shoulder:32
INFO:root:Right Knee:2
INFO:root:Right Hip:2
INFO:root:Left Hip:5
INFO:root:Left Elbow:3
INFO:root:Right Elbow:137
INFO:root:Left Shoulder:33
INFO:root:Right Shoulder:38
INFO:root:Right Knee:1
INFO:root:Right Hip:1
INFO:root:Left Hip:5
INFO:root:Left Elbow:5
INFO:root:Right Elbow:134
INFO:root:Left Shoulder:30
INFO:root:Right Shoulder:37
INFO:root:Right Knee:2
INFO:root:Right Hip:1
INFO:root:Left Hip:4
INFO:root:Left Elbow:4
INFO:root:Right Elbow:139
INFO:root:Left Shoulder:29
INFO:root:Right Shoulder:38
INFO:root:Right Knee:1
INFO:root:Right Hip:3
INFO:root:Left Hip:3
INFO:root:Left Elbow:0
INFO:root:Right Elbow:137
INFO:root:Left Shoulder:30
INFO:root:Right Shoulder:38
INFO:root:Right Knee:1
INFO:root:Right Hip:3
INFO:root:Left Hip:3
INFO:root:Left Elbow:0
INFO:root:Right Elbow:143
INFO:root:Left Shoulder:29
INFO:root:Right Shoulder:36
INFO:root:Right Knee:1
INFO:root:Right Hip:4
INFO:root:Left Hip:2
INFO:root:Left Elbow:0
INFO:root:Right Elbow:146
INFO:root:Left Shoulder:29
INFO:root:Right Shoulder:36
INFO:root:Right Knee:1
INFO:root:Right Hip:4
INFO:root:Left Hip:2
INFO:root:Left Elbow:0
INFO:root:Right Elbow:143
INFO:root:Left Shoulder:29
INFO:root:Right Shoulder:37
INFO:root:Right Knee:2
INFO:root:Right Hip:4
INFO:root:Left Hip:2
INFO:root:Left Elbow:0
INFO:root:Right Elbow:144
INFO:root:Left Shoulder:30
INFO:root:Right Shoulder:40
INFO:root:Right Knee:2
INFO:root:Right Hip:4
INFO:root:Left Hip:3
INFO:root:Left Elbow:0
INFO:root:Right Elbow:143
INFO:root:Left Shoulder:29
INFO:root:Right Shoulder:41
INFO:root:Right Knee:2
INFO:root:Right Hip:4
INFO:root:Left Hip:3
INFO:root:Left Elbow:0
INFO:root:Right Elbow:143
INFO:root:Left Shoulder:30
INFO:root:Right Shoulder:42
INFO:root:Right Knee:2
INFO:root:Right Hip:4
INFO:root:Left Hip:3
INFO:root:Left Elbow:0
INFO:root:Right Elbow:142
INFO:root:Left Shoulder:30
INFO:root:Right Shoulder:41
INFO:root:Right Knee:2
INFO:root:Right Hip:4
INFO:root:Left Hip:3
INFO:root:Left Elbow:0
INFO:root:Right Elbow:143
INFO:root:Left Shoulder:30
INFO:root:Right Shoulder:41
INFO:root:Right Knee:2
INFO:root:Right Hip:4
INFO:root:Left Hip:4
INFO:root:Left Elbow:0
INFO:root:Right Elbow:144
INFO:root:Left Shoulder:30
INFO:root:Right Shoulder:41
INFO:root:Right Knee:2
INFO:root:Right Hip:4
INFO:root:Left Hip:3
INFO:root:Left Elbow:0
INFO:root:Right Elbow:144
INFO:root:Left Shoulder:30
INFO:root:Right Shoulder:41
INFO:root:Right Knee:2
INFO:root:Right Hip:4
INFO:root:Left Hip:3
INFO:root:Left Elbow:0
INFO:root:Right Elbow:144
INFO:root:Left Shoulder:30
INFO:root:Right Shoulder:39
INFO:root:Right Knee:2
INFO:root:Right Hip:4
INFO:root:Left Hip:3
INFO:root:Left Elbow:1
INFO:root:Right Elbow:138
INFO:root:Left Shoulder:30
INFO:root:Right Shoulder:40
INFO:root:Right Knee:3
INFO:root:Right Hip:4
INFO:root:Left Hip:3
INFO:root:Left Elbow:0
INFO:root:Right Elbow:144
INFO:root:Left Shoulder:31
INFO:root:Right Shoulder:40
INFO:root:Right Knee:3
INFO:root:Right Hip:4
INFO:root:Left Hip:3
INFO:root:Left Elbow:0
INFO:root:Right Elbow:131
INFO:root:Left Shoulder:31
INFO:root:Right Shoulder:43
INFO:root:Right Knee:2
INFO:root:Right Hip:4
INFO:root:Left Hip:3
INFO:root:Left Elbow:0
INFO:root:Right Elbow:148
INFO:root:Left Shoulder:31
INFO:root:Right Shoulder:43
INFO:root:Right Knee:2
INFO:root:Right Hip:4
INFO:root:Left Hip:4
INFO:root:Left Elbow:0
INFO:root:Right Elbow:143
INFO:root:Left Shoulder:31
INFO:root:Right Shoulder:43
INFO:root:Right Knee:2
INFO:root:Right Hip:4
INFO:root:Left Hip:3
INFO:root:Left Elbow:0
INFO:root:Right Elbow:142
INFO:root:Left Shoulder:31
INFO:root:Right Shoulder:43
INFO:root:Right Knee:2
INFO:root:Right Hip:4
INFO:root:Left Hip:3
INFO:root:Left Elbow:0
INFO:root:Right Elbow:144
INFO:root:Left Shoulder:32
INFO:root:Right Shoulder:43
INFO:root:Right Knee:3
INFO:root:Right Hip:4
INFO:root:Left Hip:3
INFO:root:Left Elbow:0
INFO:root:Right Elbow:145
INFO:root:Left Shoulder:32
INFO:root:Right Shoulder:43
INFO:root:Right Knee:3
INFO:root:Right Hip:4
INFO:root:Left Hip:3
INFO:root:Left Elbow:0
INFO:root:Right Elbow:145
INFO:root:Left Shoulder:31
INFO:root:Right Shoulder:43
INFO:root:Right Knee:3
INFO:root:Right Hip:5
INFO:root:Left Hip:3
INFO:root:Left Elbow:1
INFO:root:Right Elbow:146
INFO:root:Left Shoulder:31
INFO:root:Right Shoulder:43
INFO:root:Right Knee:3
INFO:root:Right Hip:5
INFO:root:Left Hip:3
INFO:root:Left Elbow:1
INFO:root:Right Elbow:146
INFO:root:Left Shoulder:31
INFO:root:Right Shoulder:43
INFO:root:Right Knee:3
INFO:root:Right Hip:4
INFO:root:Left Hip:3
INFO:root:Left Elbow:1
INFO:root:Right Elbow:148
INFO:root:Left Shoulder:31
INFO:root:Right Shoulder:44
INFO:root:Right Knee:3
INFO:root:Right Hip:4
INFO:root:Left Hip:4
INFO:root:Left Elbow:0
INFO:root:Right Elbow:143
INFO:root:Left Shoulder:32
INFO:root:Right Shoulder:42
INFO:root:Right Knee:3
INFO:root:Right Hip:4
INFO:root:Left Hip:4
INFO:root:Left Elbow:0
INFO:root:Right Elbow:143
INFO:root:Left Shoulder:32
INFO:root:Right Shoulder:43
INFO:root:Right Knee:3
INFO:root:Right Hip:4
INFO:root:Left Hip:4
INFO:root:Left Elbow:0
INFO:root:Right Elbow:135
INFO:root:Left Shoulder:32
INFO:root:Right Shoulder:43
INFO:root:Right Knee:3
INFO:root:Right Hip:4
INFO:root:Left Hip:4
INFO:root:Left Elbow:0
INFO:root:Right Elbow:133
INFO:root:Left Shoulder:32
INFO:root:Right Shoulder:43
INFO:root:Right Knee:2
INFO:root:Right Hip:4
INFO:root:Left Hip:4
INFO:root:Left Elbow:0
INFO:root:Right Elbow:138
INFO:root:Left Shoulder:32
INFO:root:Right Shoulder:43
INFO:root:Right Knee:3
INFO:root:Right Hip:4
INFO:root:Left Hip:4
INFO:root:Left Elbow:1
INFO:root:Right Elbow:129
INFO:root:Left Shoulder:32
INFO:root:Right Shoulder:44
INFO:root:Right Knee:2
INFO:root:Right Hip:4
INFO:root:Left Hip:4
INFO:root:Left Elbow:0
INFO:root:Right Elbow:133
INFO:root:Left Shoulder:32
INFO:root:Right Shoulder:45
INFO:root:Right Knee:2
INFO:root:Right Hip:3
INFO:root:Left Hip:4
INFO:root:Left Elbow:1
INFO:root:Right Elbow:134
INFO:root:Left Shoulder:33
INFO:root:Right Shoulder:45
INFO:root:Right Knee:2
INFO:root:Right Hip:4
INFO:root:Left Hip:4
INFO:root:Left Elbow:2
INFO:root:Right Elbow:140
INFO:root:Left Shoulder:34
INFO:root:Right Shoulder:44
INFO:root:Right Knee:2
INFO:root:Right Hip:4
INFO:root:Left Hip:4
INFO:root:Left Elbow:2
INFO:root:Right Elbow:139
INFO:root:Left Shoulder:33
INFO:root:Right Shoulder:44
INFO:root:Right Knee:2
INFO:root:Right Hip:4
INFO:root:Left Hip:4
INFO:root:Left Elbow:2
INFO:root:Right Elbow:140
INFO:root:Left Shoulder:33
INFO:root:Right Shoulder:44
INFO:root:Right Knee:2
INFO:root:Right Hip:4
INFO:root:Left Hip:4
INFO:root:Left Elbow:2
INFO:root:Right Elbow:135
INFO:root:Left Shoulder:33
INFO:root:Right Shoulder:44
INFO:root:Right Knee:2
INFO:root:Right Hip:4
INFO:root:Left Hip:4
INFO:root:Left Elbow:2
INFO:root:Right Elbow:134
INFO:root:Left Shoulder:33
INFO:root:Right Shoulder:44
INFO:root:Right Knee:2
INFO:root:Right Hip:4
INFO:root:Left Hip:4
INFO:root:Left Elbow:3
INFO:root:Right Elbow:139
INFO:root:Left Shoulder:35
INFO:root:Right Shoulder:44
INFO:root:Right Knee:3
INFO:root:Right Hip:4
INFO:root:Left Hip:4
INFO:root:Left Elbow:2
INFO:root:Right Elbow:139
INFO:root:Left Shoulder:34
INFO:root:Right Shoulder:44
INFO:root:Right Knee:3
INFO:root:Right Hip:4
INFO:root:Left Hip:4
INFO:root:Left Elbow:3
INFO:root:Right Elbow:145
INFO:root:Left Shoulder:34
INFO:root:Right Shoulder:43
INFO:root:Right Knee:3
INFO:root:Right Hip:4
INFO:root:Left Hip:4
INFO:root:Left Elbow:6
INFO:root:Right Elbow:148
INFO:root:Left Shoulder:34
INFO:root:Right Shoulder:43
INFO:root:Right Knee:3
INFO:root:Right Hip:4
INFO:root:Left Hip:4
INFO:root:Left Elbow:11
INFO:root:Right Elbow:150
INFO:root:Left Shoulder:34
INFO:root:Right Shoulder:43
INFO:root:Right Knee:2
INFO:root:Right Hip:4
INFO:root:Left Hip:5
INFO:root:Left Elbow:14
INFO:root:Right Elbow:155
INFO:root:Left Shoulder:34
INFO:root:Right Shoulder:34
INFO:root:Right Knee:2
INFO:root:Right Hip:4
INFO:root:Left Hip:5
INFO:root:Left Elbow:17
INFO:root:Right Elbow:158
INFO:root:Left Shoulder:33
INFO:root:Right Shoulder:32
INFO:root:Right Knee:3
INFO:root:Right Hip:4
INFO:root:Left Hip:5
INFO:root:Left Elbow:19
INFO:root:Right Elbow:164
INFO:root:Left Shoulder:34
INFO:root:Right Shoulder:26
INFO:root:Right Knee:3
INFO:root:Right Hip:5
INFO:root:Left Hip:4
INFO:root:Left Elbow:23
INFO:root:Right Elbow:166
INFO:root:Left Shoulder:32
INFO:root:Right Shoulder:22
INFO:root:Right Knee:3
INFO:root:Right Hip:5
INFO:root:Left Hip:4
INFO:root:Left Elbow:25
INFO:root:Right Elbow:164
INFO:root:Left Shoulder:31
INFO:root:Right Shoulder:23
INFO:root:Right Knee:3
INFO:root:Right Hip:5
INFO:root:Left Hip:3
INFO:root:Left Elbow:27
INFO:root:Right Elbow:41
INFO:root:Left Shoulder:31
INFO:root:Right Shoulder:33
INFO:root:Right Knee:2
INFO:root:Right Hip:4
INFO:root:Left Hip:4
INFO:root:Left Elbow:28
INFO:root:Right Elbow:45
INFO:root:Left Shoulder:31
INFO:root:Right Shoulder:48
INFO:root:Right Knee:2
INFO:root:Right Hip:3
INFO:root:Left Hip:4
INFO:root:Left Elbow:27
INFO:root:Right Elbow:49
INFO:root:Left Shoulder:30
INFO:root:Right Shoulder:59
INFO:root:Right Knee:2
INFO:root:Right Hip:2
INFO:root:Left Hip:5
INFO:root:Left Elbow:24
INFO:root:Right Elbow:47
INFO:root:Left Shoulder:29
INFO:root:Right Shoulder:62
INFO:root:Right Knee:2
INFO:root:Right Hip:2
INFO:root:Left Hip:5
INFO:root:Left Elbow:23
INFO:root:Right Elbow:41
INFO:root:Left Shoulder:29
INFO:root:Right Shoulder:60
INFO:root:Right Knee:2
INFO:root:Right Hip:2
INFO:root:Left Hip:4
INFO:root:Left Elbow:23
INFO:root:Right Elbow:36
INFO:root:Left Shoulder:29
INFO:root:Right Shoulder:59
INFO:root:Right Knee:2
INFO:root:Right Hip:3
INFO:root:Left Hip:4
INFO:root:Left Elbow:22
INFO:root:Right Elbow:32
INFO:root:Left Shoulder:30
INFO:root:Right Shoulder:57
INFO:root:Right Knee:2
INFO:root:Right Hip:3
INFO:root:Left Hip:4
INFO:root:Left Elbow:21
INFO:root:Right Elbow:31
INFO:root:Left Shoulder:30
INFO:root:Right Shoulder:56
INFO:root:Right Knee:2
INFO:root:Right Hip:3
INFO:root:Left Hip:4
INFO:root:Left Elbow:21
INFO:root:Right Elbow:29
INFO:root:Left Shoulder:30
INFO:root:Right Shoulder:55
INFO:root:Right Knee:2
INFO:root:Right Hip:3
INFO:root:Left Hip:4
INFO:root:Left Elbow:20
INFO:root:Right Elbow:28
INFO:root:Left Shoulder:30
INFO:root:Right Shoulder:54
INFO:root:Right Knee:2
INFO:root:Right Hip:3
INFO:root:Left Hip:4
INFO:root:Left Elbow:19
INFO:root:Right Elbow:29
INFO:root:Left Shoulder:29
INFO:root:Right Shoulder:53
INFO:root:Right Knee:2
INFO:root:Right Hip:3
INFO:root:Left Hip:4
INFO:root:Left Elbow:19
INFO:root:Right Elbow:29
INFO:root:Left Shoulder:31
INFO:root:Right Shoulder:53
INFO:root:Right Knee:2
INFO:root:Right Hip:3
INFO:root:Left Hip:4
INFO:root:Left Elbow:19
INFO:root:Right Elbow:28
INFO:root:Left Shoulder:31
INFO:root:Right Shoulder:52
INFO:root:Right Knee:2
INFO:root:Right Hip:3
INFO:root:Left Hip:4
INFO:root:Left Elbow:20
INFO:root:Right Elbow:28
INFO:root:Left Shoulder:31
INFO:root:Right Shoulder:51
INFO:root:Right Knee:2
INFO:root:Right Hip:3
INFO:root:Left Hip:4
INFO:root:Left Elbow:20
INFO:root:Right Elbow:29
INFO:root:Left Shoulder:31
INFO:root:Right Shoulder:51
INFO:root:Right Knee:2
INFO:root:Right Hip:3
INFO:root:Left Hip:4
INFO:root:Left Elbow:19
INFO:root:Right Elbow:29
INFO:root:Left Shoulder:31
INFO:root:Right Shoulder:51
INFO:root:Right Knee:3
INFO:root:Right Hip:3
INFO:root:Left Hip:4
INFO:root:Left Elbow:19
INFO:root:Right Elbow:28
INFO:root:Left Shoulder:31
INFO:root:Right Shoulder:50
INFO:root:Right Knee:3
INFO:root:Right Hip:3
INFO:root:Left Hip:4
INFO:root:Left Elbow:19
INFO:root:Right Elbow:29
INFO:root:Left Shoulder:30
INFO:root:Right Shoulder:50
INFO:root:Right Knee:3
INFO:root:Right Hip:3
INFO:root:Left Hip:4
INFO:root:Left Elbow:20
INFO:root:Right Elbow:30
INFO:root:Left Shoulder:31
INFO:root:Right Shoulder:49
INFO:root:Right Knee:2
INFO:root:Right Hip:3
INFO:root:Left Hip:4
INFO:root:Left Elbow:21
INFO:root:Right Elbow:31
INFO:root:Left Shoulder:31
INFO:root:Right Shoulder:49
INFO:root:Right Knee:3
INFO:root:Right Hip:3
INFO:root:Left Hip:4
INFO:root:Left Elbow:21
INFO:root:Right Elbow:33
INFO:root:Left Shoulder:31
INFO:root:Right Shoulder:49
INFO:root:Right Knee:3
INFO:root:Right Hip:3
INFO:root:Left Hip:4
INFO:root:Left Elbow:21
INFO:root:Right Elbow:34
INFO:root:Left Shoulder:30
INFO:root:Right Shoulder:50
INFO:root:Right Knee:3
INFO:root:Right Hip:3
INFO:root:Left Hip:5
INFO:root:Left Elbow:22
INFO:root:Right Elbow:35
INFO:root:Left Shoulder:30
INFO:root:Right Shoulder:51
INFO:root:Right Knee:3
INFO:root:Right Hip:3
INFO:root:Left Hip:5
INFO:root:Left Elbow:23
INFO:root:Right Elbow:35
INFO:root:Left Shoulder:31
INFO:root:Right Shoulder:51
INFO:root:Right Knee:3
INFO:root:Right Hip:3
INFO:root:Left Hip:5
INFO:root:Left Elbow:24
INFO:root:Right Elbow:35
INFO:root:Left Shoulder:31
INFO:root:Right Shoulder:51
INFO:root:Right Knee:3
INFO:root:Right Hip:3
INFO:root:Left Hip:5
INFO:root:Left Elbow:24
INFO:root:Right Elbow:34
INFO:root:Left Shoulder:31
INFO:root:Right Shoulder:50
INFO:root:Right Knee:3
INFO:root:Right Hip:3
INFO:root:Left Hip:5
INFO:root:Left Elbow:24
INFO:root:Right Elbow:33
INFO:root:Left Shoulder:31
INFO:root:Right Shoulder:49
INFO:root:Right Knee:3
INFO:root:Right Hip:3
INFO:root:Left Hip:5
INFO:root:Left Elbow:23
INFO:root:Right Elbow:33
INFO:root:Left Shoulder:31
INFO:root:Right Shoulder:48
INFO:root:Right Knee:3
INFO:root:Right Hip:3
INFO:root:Left Hip:5
INFO:root:Left Elbow:22
INFO:root:Right Elbow:32
INFO:root:Left Shoulder:30
INFO:root:Right Shoulder:47
INFO:root:Right Knee:3
INFO:root:Right Hip:3
INFO:root:Left Hip:5
INFO:root:Left Elbow:23
INFO:root:Right Elbow:33
INFO:root:Left Shoulder:31
INFO:root:Right Shoulder:48
INFO:root:Right Knee:3
INFO:root:Right Hip:3
INFO:root:Left Hip:5
INFO:root:Left Elbow:23
INFO:root:Right Elbow:33
INFO:root:Left Shoulder:31
INFO:root:Right Shoulder:49
INFO:root:Right Knee:3
INFO:root:Right Hip:3
INFO:root:Left Hip:5
INFO:root:Left Elbow:23
INFO:root:Right Elbow:33
INFO:root:Left Shoulder:30
INFO:root:Right Shoulder:49
INFO:root:Right Knee:3
INFO:root:Right Hip:3
INFO:root:Left Hip:5
INFO:root:Left Elbow:23
INFO:root:Right Elbow:39
INFO:root:Left Shoulder:30
INFO:root:Right Shoulder:48
INFO:root:Right Knee:3
INFO:root:Right Hip:4
INFO:root:Left Hip:5
INFO:root:Left Elbow:26
INFO:root:Right Elbow:55
INFO:root:Left Shoulder:35
INFO:root:Right Shoulder:62
INFO:root:Right Knee:2
INFO:root:Right Hip:3
INFO:root:Left Hip:5
INFO:root:Left Elbow:40
INFO:root:Right Elbow:84
INFO:root:Left Shoulder:52
INFO:root:Right Shoulder:81
INFO:root:Right Knee:1
INFO:root:Right Hip:2
INFO:root:Left Hip:4
INFO:root:Left Elbow:117
INFO:root:Right Elbow:147
INFO:root:Left Shoulder:122
INFO:root:Right Shoulder:134
INFO:root:Right Knee:1
INFO:root:Right Hip:3
INFO:root:Left Hip:3
INFO:root:Left Elbow:152
INFO:root:Right Elbow:171
INFO:root:Left Shoulder:152
INFO:root:Right Shoulder:153
INFO:root:Right Knee:2
INFO:root:Right Hip:3
INFO:root:Left Hip:2
INFO:root:Left Elbow:171
INFO:root:Right Elbow:177
INFO:root:Left Shoulder:164
INFO:root:Right Shoulder:157
INFO:root:Right Knee:2
INFO:root:Right Hip:2
INFO:root:Left Hip:2
INFO:root:Left Elbow:178
INFO:root:Right Elbow:179
INFO:root:Left Shoulder:168
INFO:root:Right Shoulder:160
INFO:root:Right Knee:1
INFO:root:Right Hip:2
INFO:root:Left Hip:1
INFO:root:Left Elbow:178
INFO:root:Right Elbow:175
INFO:root:Left Shoulder:170
INFO:root:Right Shoulder:162
INFO:root:Right Knee:1
INFO:root:Right Hip:2
INFO:root:Left Hip:1
INFO:root:Left Elbow:177
INFO:root:Right Elbow:176
INFO:root:Left Shoulder:170
INFO:root:Right Shoulder:162
INFO:root:Right Knee:1
INFO:root:Right Hip:2
INFO:root:Left Hip:1
INFO:root:Left Elbow:176
INFO:root:Right Elbow:177
INFO:root:Left Shoulder:170
INFO:root:Right Shoulder:163
INFO:root:Right Knee:2
INFO:root:Right Hip:2
INFO:root:Left Hip:1
INFO:root:Left Elbow:178
INFO:root:Right Elbow:179
INFO:root:Left Shoulder:169
INFO:root:Right Shoulder:165
INFO:root:Right Knee:2
INFO:root:Right Hip:3
INFO:root:Left Hip:1
INFO:root:Left Elbow:177
INFO:root:Right Elbow:171
INFO:root:Left Shoulder:170
INFO:root:Right Shoulder:162
INFO:root:Right Knee:2
INFO:root:Right Hip:3
INFO:root:Left Hip:1
INFO:root:Left Elbow:178
INFO:root:Right Elbow:163
INFO:root:Left Shoulder:170
INFO:root:Right Shoulder:162
INFO:root:Right Knee:2
INFO:root:Right Hip:3
INFO:root:Left Hip:1
INFO:root:Left Elbow:177
INFO:root:Right Elbow:142
INFO:root:Left Shoulder:169
INFO:root:Right Shoulder:161
INFO:root:Right Knee:1
INFO:root:Right Hip:3
INFO:root:Left Hip:1
INFO:root:Left Elbow:161
INFO:root:Right Elbow:55
INFO:root:Left Shoulder:170
INFO:root:Right Shoulder:161
INFO:root:Right Knee:1
INFO:root:Right Hip:3
INFO:root:Left Hip:1
INFO:root:Left Elbow:162
INFO:root:Right Elbow:24
INFO:root:Left Shoulder:170
INFO:root:Right Shoulder:162
INFO:root:Right Knee:1
INFO:root:Right Hip:3
INFO:root:Left Hip:1
INFO:root:Left Elbow:164
INFO:root:Right Elbow:23
INFO:root:Left Shoulder:170
INFO:root:Right Shoulder:163
INFO:root:Right Knee:1
INFO:root:Right Hip:3
INFO:root:Left Hip:1
INFO:root:Left Elbow:164
INFO:root:Right Elbow:21
INFO:root:Left Shoulder:169
INFO:root:Right Shoulder:164
INFO:root:Right Knee:1
INFO:root:Right Hip:3
INFO:root:Left Hip:1
INFO:root:Left Elbow:161
INFO:root:Right Elbow:22
INFO:root:Left Shoulder:168
INFO:root:Right Shoulder:164
INFO:root:Right Knee:1
INFO:root:Right Hip:3
INFO:root:Left Hip:1
INFO:root:Left Elbow:136
INFO:root:Right Elbow:24
INFO:root:Left Shoulder:167
INFO:root:Right Shoulder:165
INFO:root:Right Knee:1
INFO:root:Right Hip:3
INFO:root:Left Hip:1
INFO:root:Left Elbow:51
INFO:root:Right Elbow:24
INFO:root:Left Shoulder:166
INFO:root:Right Shoulder:166
INFO:root:Right Knee:1
INFO:root:Right Hip:3
INFO:root:Left Hip:2
INFO:root:Left Elbow:36
INFO:root:Right Elbow:22
INFO:root:Left Shoulder:167
INFO:root:Right Shoulder:167
INFO:root:Right Knee:1
INFO:root:Right Hip:3
INFO:root:Left Hip:2
INFO:root:Left Elbow:32
INFO:root:Right Elbow:21
INFO:root:Left Shoulder:167
INFO:root:Right Shoulder:167
INFO:root:Right Knee:1
INFO:root:Right Hip:3
INFO:root:Left Hip:2
INFO:root:Left Elbow:39
INFO:root:Right Elbow:19
INFO:root:Left Shoulder:167
INFO:root:Right Shoulder:166
INFO:root:Right Knee:1
INFO:root:Right Hip:3
INFO:root:Left Hip:2
INFO:root:Left Elbow:43
INFO:root:Right Elbow:32
INFO:root:Left Shoulder:167
INFO:root:Right Shoulder:165
INFO:root:Right Knee:1
INFO:root:Right Hip:3
INFO:root:Left Hip:2
INFO:root:Left Elbow:136
INFO:root:Right Elbow:114
INFO:root:Left Shoulder:167
INFO:root:Right Shoulder:165
INFO:root:Right Knee:1
INFO:root:Right Hip:3
INFO:root:Left Hip:2
INFO:root:Left Elbow:152
INFO:root:Right Elbow:157
INFO:root:Left Shoulder:167
INFO:root:Right Shoulder:169
INFO:root:Right Knee:1
INFO:root:Right Hip:2
INFO:root:Left Hip:2
INFO:root:Left Elbow:150
INFO:root:Right Elbow:171
INFO:root:Left Shoulder:167
INFO:root:Right Shoulder:170
INFO:root:Right Knee:2
INFO:root:Right Hip:2
INFO:root:Left Hip:2
INFO:root:Left Elbow:118
INFO:root:Right Elbow:174
INFO:root:Left Shoulder:167
INFO:root:Right Shoulder:170
INFO:root:Right Knee:1
INFO:root:Right Hip:2
INFO:root:Left Hip:1
INFO:root:Left Elbow:147
INFO:root:Right Elbow:170
INFO:root:Left Shoulder:169
INFO:root:Right Shoulder:170
INFO:root:Right Knee:2
INFO:root:Right Hip:2
INFO:root:Left Hip:1
INFO:root:Left Elbow:160
INFO:root:Right Elbow:160
INFO:root:Left Shoulder:172
INFO:root:Right Shoulder:169
INFO:root:Right Knee:1
INFO:root:Right Hip:2
INFO:root:Left Hip:1
INFO:root:Left Elbow:76
INFO:root:Right Elbow:95
INFO:root:Left Shoulder:176
INFO:root:Right Shoulder:165
INFO:root:Right Knee:1
INFO:root:Right Hip:2
INFO:root:Left Hip:2
INFO:root:Left Elbow:150
INFO:root:Right Elbow:37
INFO:root:Left Shoulder:174
INFO:root:Right Shoulder:165
INFO:root:Right Knee:1
INFO:root:Right Hip:3
INFO:root:Left Hip:1
INFO:root:Left Elbow:157
INFO:root:Right Elbow:26
INFO:root:Left Shoulder:174
INFO:root:Right Shoulder:164
INFO:root:Right Knee:1
INFO:root:Right Hip:2
INFO:root:Left Hip:1
INFO:root:Left Elbow:155
INFO:root:Right Elbow:28
INFO:root:Left Shoulder:171
INFO:root:Right Shoulder:165
INFO:root:Right Knee:1
INFO:root:Right Hip:3
INFO:root:Left Hip:1
INFO:root:Left Elbow:122
INFO:root:Right Elbow:28
INFO:root:Left Shoulder:167
INFO:root:Right Shoulder:164
INFO:root:Right Knee:1
INFO:root:Right Hip:3
INFO:root:Left Hip:1
INFO:root:Left Elbow:33
INFO:root:Right Elbow:24
INFO:root:Left Shoulder:165
INFO:root:Right Shoulder:163
INFO:root:Right Knee:1
INFO:root:Right Hip:3
INFO:root:Left Hip:1
INFO:root:Left Elbow:34
INFO:root:Right Elbow:27
INFO:root:Left Shoulder:164
INFO:root:Right Shoulder:161
INFO:root:Right Knee:2
INFO:root:Right Hip:4
INFO:root:Left Hip:1
INFO:root:Left Elbow:63
INFO:root:Right Elbow:50
INFO:root:Left Shoulder:161
INFO:root:Right Shoulder:155
INFO:root:Right Knee:2
INFO:root:Right Hip:4
INFO:root:Left Hip:1
INFO:root:Left Elbow:126
INFO:root:Right Elbow:119
INFO:root:Left Shoulder:160
INFO:root:Right Shoulder:151
INFO:root:Right Knee:1
INFO:root:Right Hip:3
INFO:root:Left Hip:2
INFO:root:Left Elbow:143
INFO:root:Right Elbow:155
INFO:root:Left Shoulder:160
INFO:root:Right Shoulder:155
INFO:root:Right Knee:2
INFO:root:Right Hip:3
INFO:root:Left Hip:2
INFO:root:Left Elbow:138
INFO:root:Right Elbow:171
INFO:root:Left Shoulder:160
INFO:root:Right Shoulder:159
INFO:root:Right Knee:2
INFO:root:Right Hip:3
INFO:root:Left Hip:1
INFO:root:Left Elbow:134
INFO:root:Right Elbow:175
INFO:root:Left Shoulder:159
INFO:root:Right Shoulder:159
INFO:root:Right Knee:2
INFO:root:Right Hip:4
INFO:root:Left Hip:1
INFO:root:Left Elbow:108
INFO:root:Right Elbow:176
INFO:root:Left Shoulder:155
INFO:root:Right Shoulder:159
INFO:root:Right Knee:2
INFO:root:Right Hip:3
INFO:root:Left Hip:2
INFO:root:Left Elbow:131
INFO:root:Right Elbow:175
INFO:root:Left Shoulder:155
INFO:root:Right Shoulder:159
INFO:root:Right Knee:2
INFO:root:Right Hip:4
INFO:root:Left Hip:2
INFO:root:Left Elbow:159
INFO:root:Right Elbow:176
INFO:root:Left Shoulder:159
INFO:root:Right Shoulder:159
INFO:root:Right Knee:2
INFO:root:Right Hip:4
INFO:root:Left Hip:2
INFO:root:Left Elbow:175
INFO:root:Right Elbow:177
INFO:root:Left Shoulder:160
INFO:root:Right Shoulder:160
INFO:root:Right Knee:3
INFO:root:Right Hip:4
INFO:root:Left Hip:1
INFO:root:Left Elbow:179
INFO:root:Right Elbow:178
INFO:root:Left Shoulder:161
INFO:root:Right Shoulder:161
INFO:root:Right Knee:2
INFO:root:Right Hip:4
INFO:root:Left Hip:1
INFO:root:Left Elbow:178
INFO:root:Right Elbow:177
INFO:root:Left Shoulder:161
INFO:root:Right Shoulder:162
INFO:root:Right Knee:2
INFO:root:Right Hip:4
INFO:root:Left Hip:1
INFO:root:Left Elbow:169
INFO:root:Right Elbow:173
INFO:root:Left Shoulder:160
INFO:root:Right Shoulder:160
INFO:root:Right Knee:3
INFO:root:Right Hip:3
INFO:root:Left Hip:2
INFO:root:Left Elbow:136
INFO:root:Right Elbow:134
INFO:root:Left Shoulder:144
INFO:root:Right Shoulder:149
INFO:root:Right Knee:2
INFO:root:Right Hip:3
INFO:root:Left Hip:3
INFO:root:Left Elbow:66
INFO:root:Right Elbow:67
INFO:root:Left Shoulder:136
INFO:root:Right Shoulder:144
INFO:root:Right Knee:2
INFO:root:Right Hip:3
INFO:root:Left Hip:3
INFO:root:Left Elbow:38
INFO:root:Right Elbow:39
INFO:root:Left Shoulder:135
INFO:root:Right Shoulder:142
INFO:root:Right Knee:1
INFO:root:Right Hip:3
INFO:root:Left Hip:4
INFO:root:Left Elbow:48
INFO:root:Right Elbow:47
INFO:root:Left Shoulder:135
INFO:root:Right Shoulder:140
INFO:root:Right Knee:1
INFO:root:Right Hip:3
INFO:root:Left Hip:4
INFO:root:Left Elbow:71
INFO:root:Right Elbow:72
INFO:root:Left Shoulder:136
INFO:root:Right Shoulder:140
INFO:root:Right Knee:2
INFO:root:Right Hip:4
INFO:root:Left Hip:3
INFO:root:Left Elbow:103
INFO:root:Right Elbow:102
INFO:root:Left Shoulder:138
INFO:root:Right Shoulder:140
INFO:root:Right Knee:1
INFO:root:Right Hip:4
INFO:root:Left Hip:3
INFO:root:Left Elbow:134
INFO:root:Right Elbow:136
INFO:root:Left Shoulder:142
INFO:root:Right Shoulder:142
INFO:root:Right Knee:1
INFO:root:Right Hip:4
INFO:root:Left Hip:2
INFO:root:Left Elbow:168
INFO:root:Right Elbow:163
INFO:root:Left Shoulder:152
INFO:root:Right Shoulder:149
INFO:root:Right Knee:1
INFO:root:Right Hip:4
INFO:root:Left Hip:1
INFO:root:Left Elbow:174
INFO:root:Right Elbow:168
INFO:root:Left Shoulder:152
INFO:root:Right Shoulder:148
INFO:root:Right Knee:1
INFO:root:Right Hip:5
INFO:root:Left Hip:1
INFO:root:Left Elbow:169
INFO:root:Right Elbow:169
INFO:root:Left Shoulder:139
INFO:root:Right Shoulder:136
INFO:root:Right Knee:2
INFO:root:Right Hip:6
INFO:root:Left Hip:1
INFO:root:Left Elbow:139
INFO:root:Right Elbow:133
INFO:root:Left Shoulder:104
INFO:root:Right Shoulder:108
INFO:root:Right Knee:2
INFO:root:Right Hip:6
INFO:root:Left Hip:2
INFO:root:Left Elbow:74
INFO:root:Right Elbow:113
INFO:root:Left Shoulder:61
INFO:root:Right Shoulder:65
INFO:root:Right Knee:1
INFO:root:Right Hip:5
INFO:root:Left Hip:4
INFO:root:Left Elbow:29
INFO:root:Right Elbow:124
INFO:root:Left Shoulder:42
INFO:root:Right Shoulder:50
INFO:root:Right Knee:2
INFO:root:Right Hip:4
INFO:root:Left Hip:4
INFO:root:Left Elbow:139
INFO:root:Right Elbow:146
INFO:root:Left Shoulder:41
INFO:root:Right Shoulder:49
INFO:root:Right Knee:2
INFO:root:Right Hip:3
INFO:root:Left Hip:4
INFO:root:Left Elbow:147
INFO:root:Right Elbow:142
INFO:root:Left Shoulder:37
INFO:root:Right Shoulder:45
INFO:root:Right Knee:3
INFO:root:Right Hip:4
INFO:root:Left Hip:5
INFO:root:Left Elbow:151
INFO:root:Right Elbow:149
INFO:root:Left Shoulder:34
INFO:root:Right Shoulder:43
INFO:root:Right Knee:2
INFO:root:Right Hip:5
INFO:root:Left Hip:6
INFO:root:Left Elbow:151
INFO:root:Right Elbow:157
INFO:root:Left Shoulder:33
INFO:root:Right Shoulder:46
INFO:root:Right Knee:2
INFO:root:Right Hip:5
INFO:root:Left Hip:6
INFO:root:Left Elbow:152
INFO:root:Right Elbow:151
INFO:root:Left Shoulder:34
INFO:root:Right Shoulder:43
INFO:root:Right Knee:3
INFO:root:Right Hip:4
INFO:root:Left Hip:7
INFO:root:Left Elbow:152
INFO:root:Right Elbow:108
INFO:root:Left Shoulder:35
INFO:root:Right Shoulder:45
INFO:root:Right Knee:3
INFO:root:Right Hip:4
INFO:root:Left Hip:7
INFO:root:Left Elbow:152
INFO:root:Right Elbow:150
INFO:root:Left Shoulder:35
INFO:root:Right Shoulder:42
INFO:root:Right Knee:2
INFO:root:Right Hip:4
INFO:root:Left Hip:6
INFO:root:Left Elbow:149
INFO:root:Right Elbow:152
INFO:root:Left Shoulder:37
INFO:root:Right Shoulder:40
INFO:root:Right Knee:2
INFO:root:Right Hip:4
INFO:root:Left Hip:6
INFO:root:Left Elbow:153
INFO:root:Right Elbow:156
INFO:root:Left Shoulder:33
INFO:root:Right Shoulder:40
INFO:root:Right Knee:2
INFO:root:Right Hip:4
INFO:root:Left Hip:6
INFO:root:Left Elbow:151
INFO:root:Right Elbow:153
INFO:root:Left Shoulder:36
INFO:root:Right Shoulder:38
INFO:root:Right Knee:2
INFO:root:Right Hip:4
INFO:root:Left Hip:7
INFO:root:Left Elbow:152
INFO:root:Right Elbow:70
INFO:root:Left Shoulder:36
INFO:root:Right Shoulder:42
INFO:root:Right Knee:3
INFO:root:Right Hip:4
INFO:root:Left Hip:6
INFO:root:Left Elbow:155
INFO:root:Right Elbow:73
INFO:root:Left Shoulder:34
INFO:root:Right Shoulder:43
INFO:root:Right Knee:3
INFO:root:Right Hip:4
INFO:root:Left Hip:6
INFO:root:Left Elbow:154
INFO:root:Right Elbow:176
INFO:root:Left Shoulder:35
INFO:root:Right Shoulder:41
INFO:root:Right Knee:3
INFO:root:Right Hip:4
INFO:root:Left Hip:6
INFO:root:Left Elbow:154
INFO:root:Right Elbow:154
INFO:root:Left Shoulder:35
INFO:root:Right Shoulder:41
INFO:root:Right Knee:3
INFO:root:Right Hip:4
INFO:root:Left Hip:6
INFO:root:Left Elbow:153
INFO:root:Right Elbow:147
INFO:root:Left Shoulder:36
INFO:root:Right Shoulder:40
INFO:root:Right Knee:2
INFO:root:Right Hip:4
INFO:root:Left Hip:6
INFO:root:Left Elbow:153
INFO:root:Right Elbow:65
INFO:root:Left Shoulder:36
INFO:root:Right Shoulder:43
INFO:root:Right Knee:3
INFO:root:Right Hip:4
INFO:root:Left Hip:6
INFO:root:Left Elbow:153
INFO:root:Right Elbow:144
INFO:root:Left Shoulder:36
INFO:root:Right Shoulder:42
INFO:root:Right Knee:3
INFO:root:Right Hip:4
INFO:root:Left Hip:6
INFO:root:Left Elbow:153
INFO:root:Right Elbow:175
INFO:root:Left Shoulder:36
INFO:root:Right Shoulder:42
INFO:root:Right Knee:3
INFO:root:Right Hip:4
INFO:root:Left Hip:6
INFO:root:Left Elbow:153
INFO:root:Right Elbow:143
INFO:root:Left Shoulder:36
INFO:root:Right Shoulder:41
INFO:root:Right Knee:3
INFO:root:Right Hip:4
INFO:root:Left Hip:6
INFO:root:Left Elbow:154
INFO:root:Right Elbow:95
INFO:root:Left Shoulder:35
INFO:root:Right Shoulder:43
INFO:root:Right Knee:3
INFO:root:Right Hip:4
INFO:root:Left Hip:6
INFO:root:Left Elbow:154
INFO:root:Right Elbow:149
INFO:root:Left Shoulder:35
INFO:root:Right Shoulder:42
INFO:root:Right Knee:3
INFO:root:Right Hip:4
INFO:root:Left Hip:6
INFO:root:Left Elbow:154
INFO:root:Right Elbow:151
INFO:root:Left Shoulder:35
INFO:root:Right Shoulder:42
INFO:root:Right Knee:3
INFO:root:Right Hip:4
INFO:root:Left Hip:6
INFO:root:Left Elbow:154
INFO:root:Right Elbow:147
INFO:root:Left Shoulder:35
INFO:root:Right Shoulder:41
INFO:root:Right Knee:2
INFO:root:Right Hip:4
INFO:root:Left Hip:6
INFO:root:Left Elbow:154
INFO:root:Right Elbow:144
INFO:root:Left Shoulder:35
INFO:root:Right Shoulder:42
INFO:root:Right Knee:2
INFO:root:Right Hip:4
INFO:root:Left Hip:6
INFO:root:Left Elbow:154
INFO:root:Right Elbow:148
INFO:root:Left Shoulder:35
INFO:root:Right Shoulder:42
INFO:root:Right Knee:3
INFO:root:Right Hip:4
INFO:root:Left Hip:6
INFO:root:Left Elbow:154
INFO:root:Right Elbow:145
INFO:root:Left Shoulder:35
INFO:root:Right Shoulder:42
INFO:root:Right Knee:3
INFO:root:Right Hip:4
INFO:root:Left Hip:6
INFO:root:Left Elbow:155
INFO:root:Right Elbow:147
INFO:root:Left Shoulder:35
INFO:root:Right Shoulder:44
INFO:root:Right Knee:2
INFO:root:Right Hip:4
INFO:root:Left Hip:6
INFO:root:Left Elbow:155
INFO:root:Right Elbow:144
INFO:root:Left Shoulder:35
INFO:root:Right Shoulder:44
INFO:root:Right Knee:2
INFO:root:Right Hip:4
INFO:root:Left Hip:6
INFO:root:Left Elbow:154
INFO:root:Right Elbow:145
INFO:root:Left Shoulder:36
INFO:root:Right Shoulder:42
INFO:root:Right Knee:2
INFO:root:Right Hip:4
INFO:root:Left Hip:6
INFO:root:Left Elbow:154
INFO:root:Right Elbow:149
INFO:root:Left Shoulder:35
INFO:root:Right Shoulder:43
INFO:root:Right Knee:3
INFO:root:Right Hip:4
INFO:root:Left Hip:6
INFO:root:Left Elbow:154
INFO:root:Right Elbow:146
INFO:root:Left Shoulder:35
INFO:root:Right Shoulder:43
INFO:root:Right Knee:2
INFO:root:Right Hip:4
INFO:root:Left Hip:6
INFO:root:Left Elbow:154
INFO:root:Right Elbow:79
INFO:root:Left Shoulder:35
INFO:root:Right Shoulder:44
INFO:root:Right Knee:3
INFO:root:Right Hip:4
INFO:root:Left Hip:6
INFO:root:Left Elbow:154
INFO:root:Right Elbow:71
INFO:root:Left Shoulder:35
INFO:root:Right Shoulder:44
INFO:root:Right Knee:3
INFO:root:Right Hip:4
INFO:root:Left Hip:6
INFO:root:Left Elbow:154
INFO:root:Right Elbow:68
INFO:root:Left Shoulder:35
INFO:root:Right Shoulder:45
INFO:root:Right Knee:3
INFO:root:Right Hip:4
INFO:root:Left Hip:5
INFO:root:Left Elbow:155
INFO:root:Right Elbow:127
INFO:root:Left Shoulder:34
INFO:root:Right Shoulder:44
INFO:root:Right Knee:3
INFO:root:Right Hip:5
INFO:root:Left Hip:5
INFO:root:Left Elbow:155
INFO:root:Right Elbow:72
INFO:root:Left Shoulder:34
INFO:root:Right Shoulder:43
INFO:root:Right Knee:3
INFO:root:Right Hip:5
INFO:root:Left Hip:5
INFO:root:Left Elbow:155
INFO:root:Right Elbow:69
INFO:root:Left Shoulder:34
INFO:root:Right Shoulder:43
INFO:root:Right Knee:3
INFO:root:Right Hip:5
INFO:root:Left Hip:5
INFO:root:Left Elbow:155
INFO:root:Right Elbow:85
INFO:root:Left Shoulder:33
INFO:root:Right Shoulder:43
INFO:root:Right Knee:3
INFO:root:Right Hip:5
INFO:root:Left Hip:5
INFO:root:Left Elbow:155
INFO:root:Right Elbow:163
INFO:root:Left Shoulder:33
INFO:root:Right Shoulder:43
INFO:root:Right Knee:3
INFO:root:Right Hip:5
INFO:root:Left Hip:5
INFO:root:Left Elbow:156
INFO:root:Right Elbow:144
INFO:root:Left Shoulder:32
INFO:root:Right Shoulder:41
INFO:root:Right Knee:2
INFO:root:Right Hip:4
INFO:root:Left Hip:5
INFO:root:Left Elbow:156
INFO:root:Right Elbow:166
INFO:root:Left Shoulder:33
INFO:root:Right Shoulder:43
INFO:root:Right Knee:3
INFO:root:Right Hip:5
INFO:root:Left Hip:5
INFO:root:Left Elbow:156
INFO:root:Right Elbow:157
INFO:root:Left Shoulder:33
INFO:root:Right Shoulder:43
INFO:root:Right Knee:3
INFO:root:Right Hip:4
INFO:root:Left Hip:5
INFO:root:Left Elbow:156
INFO:root:Right Elbow:144
INFO:root:Left Shoulder:33
INFO:root:Right Shoulder:41
INFO:root:Right Knee:2
INFO:root:Right Hip:4
INFO:root:Left Hip:5
INFO:root:Left Elbow:156
INFO:root:Right Elbow:173
INFO:root:Left Shoulder:33
INFO:root:Right Shoulder:41
INFO:root:Right Knee:3
INFO:root:Right Hip:4
INFO:root:Left Hip:5
INFO:root:Left Elbow:155
INFO:root:Right Elbow:144
INFO:root:Left Shoulder:33
INFO:root:Right Shoulder:40
INFO:root:Right Knee:2
INFO:root:Right Hip:5
INFO:root:Left Hip:5
INFO:root:Left Elbow:155
INFO:root:Right Elbow:145
INFO:root:Left Shoulder:33
INFO:root:Right Shoulder:39
INFO:root:Right Knee:2
INFO:root:Right Hip:4
INFO:root:Left Hip:6
INFO:root:Left Elbow:155
INFO:root:Right Elbow:166
INFO:root:Left Shoulder:34
INFO:root:Right Shoulder:41
INFO:root:Right Knee:2
INFO:root:Right Hip:4
INFO:root:Left Hip:6
INFO:root:Left Elbow:154
INFO:root:Right Elbow:150
INFO:root:Left Shoulder:34
INFO:root:Right Shoulder:41
INFO:root:Right Knee:2
INFO:root:Right Hip:4
INFO:root:Left Hip:6
INFO:root:Left Elbow:154
INFO:root:Right Elbow:146
INFO:root:Left Shoulder:34
INFO:root:Right Shoulder:40
INFO:root:Right Knee:2
INFO:root:Right Hip:4
INFO:root:Left Hip:6
INFO:root:Left Elbow:151
INFO:root:Right Elbow:146
INFO:root:Left Shoulder:37
INFO:root:Right Shoulder:40
INFO:root:Right Knee:2
INFO:root:Right Hip:4
INFO:root:Left Hip:6
INFO:root:Left Elbow:152
INFO:root:Right Elbow:158
INFO:root:Left Shoulder:36
INFO:root:Right Shoulder:41
INFO:root:Right Knee:2
INFO:root:Right Hip:4
INFO:root:Left Hip:6
INFO:root:Left Elbow:152
INFO:root:Right Elbow:147
INFO:root:Left Shoulder:36
INFO:root:Right Shoulder:40
INFO:root:Right Knee:2
INFO:root:Right Hip:4
INFO:root:Left Hip:6
INFO:root:Left Elbow:153
INFO:root:Right Elbow:144
INFO:root:Left Shoulder:35
INFO:root:Right Shoulder:40
INFO:root:Right Knee:2
INFO:root:Right Hip:4
INFO:root:Left Hip:6
INFO:root:Left Elbow:153
INFO:root:Right Elbow:153
INFO:root:Left Shoulder:35
INFO:root:Right Shoulder:41
INFO:root:Right Knee:2
INFO:root:Right Hip:4
INFO:root:Left Hip:6
INFO:root:Left Elbow:153
INFO:root:Right Elbow:153
INFO:root:Left Shoulder:35
INFO:root:Right Shoulder:42
INFO:root:Right Knee:3
INFO:root:Right Hip:4
INFO:root:Left Hip:6
INFO:root:Left Elbow:153
INFO:root:Right Elbow:151
INFO:root:Left Shoulder:36
INFO:root:Right Shoulder:42
INFO:root:Right Knee:3
INFO:root:Right Hip:4
INFO:root:Left Hip:5
INFO:root:Left Elbow:153
INFO:root:Right Elbow:150
INFO:root:Left Shoulder:35
INFO:root:Right Shoulder:40
INFO:root:Right Knee:2
INFO:root:Right Hip:4
INFO:root:Left Hip:5
INFO:root:Left Elbow:153
INFO:root:Right Elbow:68
INFO:root:Left Shoulder:35
INFO:root:Right Shoulder:41
INFO:root:Right Knee:3
INFO:root:Right Hip:4
INFO:root:Left Hip:5
INFO:root:Left Elbow:153
INFO:root:Right Elbow:152
INFO:root:Left Shoulder:35
INFO:root:Right Shoulder:42
INFO:root:Right Knee:3
INFO:root:Right Hip:4
INFO:root:Left Hip:5
INFO:root:Left Elbow:154
INFO:root:Right Elbow:148
INFO:root:Left Shoulder:35
INFO:root:Right Shoulder:41
INFO:root:Right Knee:3
INFO:root:Right Hip:4
INFO:root:Left Hip:5
INFO:root:Left Elbow:154
INFO:root:Right Elbow:91
INFO:root:Left Shoulder:35
INFO:root:Right Shoulder:41
INFO:root:Right Knee:3
INFO:root:Right Hip:4
INFO:root:Left Hip:5
INFO:root:Left Elbow:154
INFO:root:Right Elbow:131
INFO:root:Left Shoulder:35
INFO:root:Right Shoulder:42
INFO:root:Right Knee:3
INFO:root:Right Hip:4
INFO:root:Left Hip:5
INFO:root:Left Elbow:154
INFO:root:Right Elbow:135
INFO:root:Left Shoulder:35
INFO:root:Right Shoulder:42
INFO:root:Right Knee:3
INFO:root:Right Hip:4
INFO:root:Left Hip:5
INFO:root:Left Elbow:153
INFO:root:Right Elbow:154
INFO:root:Left Shoulder:35
INFO:root:Right Shoulder:42
INFO:root:Right Knee:3
INFO:root:Right Hip:4
INFO:root:Left Hip:5
INFO:root:Left Elbow:154
INFO:root:Right Elbow:153
INFO:root:Left Shoulder:34
INFO:root:Right Shoulder:42
INFO:root:Right Knee:3
INFO:root:Right Hip:4
INFO:root:Left Hip:5
INFO:root:Left Elbow:154
INFO:root:Right Elbow:153
INFO:root:Left Shoulder:34
INFO:root:Right Shoulder:42
INFO:root:Right Knee:3
INFO:root:Right Hip:4
INFO:root:Left Hip:5
INFO:root:Left Elbow:154
INFO:root:Right Elbow:149
INFO:root:Left Shoulder:34
INFO:root:Right Shoulder:41
INFO:root:Right Knee:3
INFO:root:Right Hip:4
INFO:root:Left Hip:5
INFO:root:Left Elbow:154
INFO:root:Right Elbow:79
INFO:root:Left Shoulder:34
INFO:root:Right Shoulder:43
INFO:root:Right Knee:3
INFO:root:Right Hip:4
INFO:root:Left Hip:5
INFO:root:Left Elbow:154
INFO:root:Right Elbow:74
INFO:root:Left Shoulder:34
INFO:root:Right Shoulder:44
INFO:root:Right Knee:3
INFO:root:Right Hip:4
INFO:root:Left Hip:5
INFO:root:Left Elbow:154
INFO:root:Right Elbow:147
INFO:root:Left Shoulder:33
INFO:root:Right Shoulder:44
INFO:root:Right Knee:3
INFO:root:Right Hip:4
INFO:root:Left Hip:5
INFO:root:Left Elbow:155
INFO:root:Right Elbow:144
INFO:root:Left Shoulder:33
INFO:root:Right Shoulder:44
INFO:root:Right Knee:3
INFO:root:Right Hip:4
INFO:root:Left Hip:5
INFO:root:Left Elbow:155
INFO:root:Right Elbow:97
INFO:root:Left Shoulder:33
INFO:root:Right Shoulder:45
INFO:root:Right Knee:3
INFO:root:Right Hip:4
INFO:root:Left Hip:5
INFO:root:Left Elbow:155
INFO:root:Right Elbow:145
INFO:root:Left Shoulder:33
INFO:root:Right Shoulder:42
INFO:root:Right Knee:3
INFO:root:Right Hip:5
INFO:root:Left Hip:5
INFO:root:Left Elbow:155
INFO:root:Right Elbow:69
INFO:root:Left Shoulder:33
INFO:root:Right Shoulder:44
INFO:root:Right Knee:3
INFO:root:Right Hip:5
INFO:root:Left Hip:5
INFO:root:Left Elbow:155
INFO:root:Right Elbow:145
INFO:root:Left Shoulder:33
INFO:root:Right Shoulder:44
INFO:root:Right Knee:3
INFO:root:Right Hip:5
INFO:root:Left Hip:5
INFO:root:Left Elbow:155
INFO:root:Right Elbow:152
INFO:root:Left Shoulder:31
INFO:root:Right Shoulder:36
INFO:root:Right Knee:2
INFO:root:Right Hip:6
INFO:root:Left Hip:5
INFO:root:Left Elbow:157
INFO:root:Right Elbow:156
INFO:root:Left Shoulder:29
INFO:root:Right Shoulder:36
INFO:root:Right Knee:3
INFO:root:Right Hip:6
INFO:root:Left Hip:5
INFO:root:Left Elbow:158
INFO:root:Right Elbow:152
INFO:root:Left Shoulder:30
INFO:root:Right Shoulder:37
INFO:root:Right Knee:3
INFO:root:Right Hip:6
INFO:root:Left Hip:6
INFO:root:Left Elbow:159
INFO:root:Right Elbow:150
INFO:root:Left Shoulder:28
INFO:root:Right Shoulder:36
INFO:root:Right Knee:3
INFO:root:Right Hip:6
INFO:root:Left Hip:6
INFO:root:Left Elbow:161
INFO:root:Right Elbow:162
INFO:root:Left Shoulder:28
INFO:root:Right Shoulder:38
INFO:root:Right Knee:3
INFO:root:Right Hip:5
INFO:root:Left Hip:6
INFO:root:Left Elbow:163
INFO:root:Right Elbow:151
INFO:root:Left Shoulder:26
INFO:root:Right Shoulder:37
INFO:root:Right Knee:4
INFO:root:Right Hip:5
INFO:root:Left Hip:6
INFO:root:Left Elbow:163
INFO:root:Right Elbow:82
INFO:root:Left Shoulder:27
INFO:root:Right Shoulder:38
INFO:root:Right Knee:4
INFO:root:Right Hip:5
INFO:root:Left Hip:6
INFO:root:Left Elbow:163
INFO:root:Right Elbow:166
INFO:root:Left Shoulder:27
INFO:root:Right Shoulder:25
INFO:root:Right Knee:4
INFO:root:Right Hip:5
INFO:root:Left Hip:6
INFO:root:Left Elbow:163
INFO:root:Right Elbow:165
INFO:root:Left Shoulder:27
INFO:root:Right Shoulder:29
INFO:root:Right Knee:4
INFO:root:Right Hip:5
INFO:root:Left Hip:6
INFO:root:Left Elbow:161
INFO:root:Right Elbow:155
INFO:root:Left Shoulder:28
INFO:root:Right Shoulder:32
INFO:root:Right Knee:4
INFO:root:Right Hip:5
INFO:root:Left Hip:6
INFO:root:Left Elbow:162
INFO:root:Right Elbow:162
INFO:root:Left Shoulder:27
INFO:root:Right Shoulder:25
INFO:root:Right Knee:4
INFO:root:Right Hip:5
INFO:root:Left Hip:6
INFO:root:Left Elbow:162
INFO:root:Right Elbow:165
INFO:root:Left Shoulder:27
INFO:root:Right Shoulder:22
INFO:root:Right Knee:4
INFO:root:Right Hip:5
INFO:root:Left Hip:6
INFO:root:Left Elbow:163
INFO:root:Right Elbow:158
INFO:root:Left Shoulder:26
INFO:root:Right Shoulder:29
INFO:root:Right Knee:3
INFO:root:Right Hip:5
INFO:root:Left Hip:6
INFO:root:Left Elbow:163
INFO:root:Right Elbow:164
INFO:root:Left Shoulder:27
INFO:root:Right Shoulder:24
INFO:root:Right Knee:3
INFO:root:Right Hip:5
INFO:root:Left Hip:6
INFO:root:Left Elbow:163
INFO:root:Right Elbow:156
INFO:root:Left Shoulder:27
INFO:root:Right Shoulder:31
INFO:root:Right Knee:3
INFO:root:Right Hip:5
INFO:root:Left Hip:6
INFO:root:Left Elbow:163
INFO:root:Right Elbow:163
INFO:root:Left Shoulder:25
INFO:root:Right Shoulder:24
INFO:root:Right Knee:3
INFO:root:Right Hip:5
INFO:root:Left Hip:6
INFO:root:Left Elbow:163
INFO:root:Right Elbow:155
INFO:root:Left Shoulder:25
INFO:root:Right Shoulder:31
INFO:root:Right Knee:3
INFO:root:Right Hip:5
INFO:root:Left Hip:6
INFO:root:Left Elbow:163
INFO:root:Right Elbow:153
INFO:root:Left Shoulder:25
INFO:root:Right Shoulder:33
INFO:root:Right Knee:3
INFO:root:Right Hip:5
INFO:root:Left Hip:6
INFO:root:Left Elbow:162
INFO:root:Right Elbow:166
INFO:root:Left Shoulder:26
INFO:root:Right Shoulder:36
INFO:root:Right Knee:3
INFO:root:Right Hip:5
INFO:root:Left Hip:6
INFO:root:Left Elbow:163
INFO:root:Right Elbow:169
INFO:root:Left Shoulder:26
INFO:root:Right Shoulder:26
INFO:root:Right Knee:3
INFO:root:Right Hip:5
INFO:root:Left Hip:6
INFO:root:Left Elbow:163
INFO:root:Right Elbow:164
INFO:root:Left Shoulder:26
INFO:root:Right Shoulder:24
INFO:root:Right Knee:3
INFO:root:Right Hip:5
INFO:root:Left Hip:6
INFO:root:Left Elbow:163
INFO:root:Right Elbow:153
INFO:root:Left Shoulder:25
INFO:root:Right Shoulder:34
INFO:root:Right Knee:3
INFO:root:Right Hip:5
INFO:root:Left Hip:6
INFO:root:Left Elbow:163
INFO:root:Right Elbow:152
INFO:root:Left Shoulder:25
INFO:root:Right Shoulder:34
INFO:root:Right Knee:3
INFO:root:Right Hip:5
INFO:root:Left Hip:6
INFO:root:Left Elbow:163
INFO:root:Right Elbow:98
INFO:root:Left Shoulder:25
INFO:root:Right Shoulder:39
INFO:root:Right Knee:3
INFO:root:Right Hip:5
INFO:root:Left Hip:6
INFO:root:Left Elbow:163
INFO:root:Right Elbow:152
INFO:root:Left Shoulder:26
INFO:root:Right Shoulder:40
INFO:root:Right Knee:3
INFO:root:Right Hip:5
INFO:root:Left Hip:6
INFO:root:Left Elbow:164
INFO:root:Right Elbow:148
INFO:root:Left Shoulder:25
INFO:root:Right Shoulder:39
INFO:root:Right Knee:3
INFO:root:Right Hip:5
INFO:root:Left Hip:6
INFO:root:Left Elbow:163
INFO:root:Right Elbow:150
INFO:root:Left Shoulder:26
INFO:root:Right Shoulder:39
INFO:root:Right Knee:3
INFO:root:Right Hip:4
INFO:root:Left Hip:6
INFO:root:Left Elbow:164
INFO:root:Right Elbow:151
INFO:root:Left Shoulder:25
INFO:root:Right Shoulder:38
INFO:root:Right Knee:3
INFO:root:Right Hip:4
INFO:root:Left Hip:6
INFO:root:Left Elbow:163
INFO:root:Right Elbow:150
INFO:root:Left Shoulder:26
INFO:root:Right Shoulder:39
INFO:root:Right Knee:3
INFO:root:Right Hip:4
INFO:root:Left Hip:6
INFO:root:Left Elbow:164
INFO:root:Right Elbow:155
INFO:root:Left Shoulder:25
INFO:root:Right Shoulder:40
INFO:root:Right Knee:3
INFO:root:Right Hip:4
INFO:root:Left Hip:6
INFO:root:Left Elbow:164
INFO:root:Right Elbow:156
INFO:root:Left Shoulder:25
INFO:root:Right Shoulder:40
INFO:root:Right Knee:3
INFO:root:Right Hip:4
INFO:root:Left Hip:6
INFO:root:Left Elbow:164
INFO:root:Right Elbow:159
INFO:root:Left Shoulder:25
INFO:root:Right Shoulder:39
INFO:root:Right Knee:3
INFO:root:Right Hip:5
INFO:root:Left Hip:6
INFO:root:Left Elbow:164
INFO:root:Right Elbow:153
INFO:root:Left Shoulder:25
INFO:root:Right Shoulder:39
INFO:root:Right Knee:2
INFO:root:Right Hip:4
INFO:root:Left Hip:6
INFO:root:Left Elbow:165
INFO:root:Right Elbow:69
INFO:root:Left Shoulder:24
INFO:root:Right Shoulder:40
INFO:root:Right Knee:3
INFO:root:Right Hip:5
INFO:root:Left Hip:5
INFO:root:Left Elbow:165
INFO:root:Right Elbow:157
INFO:root:Left Shoulder:24
INFO:root:Right Shoulder:40
INFO:root:Right Knee:3
INFO:root:Right Hip:5
INFO:root:Left Hip:5
INFO:root:Left Elbow:165
INFO:root:Right Elbow:150
INFO:root:Left Shoulder:24
INFO:root:Right Shoulder:39
INFO:root:Right Knee:3
INFO:root:Right Hip:5
INFO:root:Left Hip:5
INFO:root:Left Elbow:166
INFO:root:Right Elbow:149
INFO:root:Left Shoulder:24
INFO:root:Right Shoulder:39
INFO:root:Right Knee:3
INFO:root:Right Hip:4
INFO:root:Left Hip:6
INFO:root:Left Elbow:166
INFO:root:Right Elbow:153
INFO:root:Left Shoulder:24
INFO:root:Right Shoulder:40
INFO:root:Right Knee:3
INFO:root:Right Hip:4
INFO:root:Left Hip:6
INFO:root:Left Elbow:163
INFO:root:Right Elbow:149
INFO:root:Left Shoulder:27
INFO:root:Right Shoulder:40
INFO:root:Right Knee:3
INFO:root:Right Hip:4
INFO:root:Left Hip:6
INFO:root:Left Elbow:162
INFO:root:Right Elbow:149
INFO:root:Left Shoulder:27
INFO:root:Right Shoulder:39
INFO:root:Right Knee:4
INFO:root:Right Hip:5
INFO:root:Left Hip:6
INFO:root:Left Elbow:163
INFO:root:Right Elbow:149
INFO:root:Left Shoulder:27
INFO:root:Right Shoulder:40
INFO:root:Right Knee:4
INFO:root:Right Hip:4
INFO:root:Left Hip:6
INFO:root:Left Elbow:163
INFO:root:Right Elbow:148
INFO:root:Left Shoulder:27
INFO:root:Right Shoulder:40
INFO:root:Right Knee:3
INFO:root:Right Hip:4
INFO:root:Left Hip:6
INFO:root:Left Elbow:163
INFO:root:Right Elbow:148
INFO:root:Left Shoulder:26
INFO:root:Right Shoulder:40
INFO:root:Right Knee:3
INFO:root:Right Hip:4
INFO:root:Left Hip:6
INFO:root:Left Elbow:164
INFO:root:Right Elbow:148
INFO:root:Left Shoulder:26
INFO:root:Right Shoulder:40
INFO:root:Right Knee:3
INFO:root:Right Hip:4
INFO:root:Left Hip:6
INFO:root:Left Elbow:163
INFO:root:Right Elbow:95
INFO:root:Left Shoulder:27
INFO:root:Right Shoulder:41
INFO:root:Right Knee:3
INFO:root:Right Hip:4
INFO:root:Left Hip:6
INFO:root:Left Elbow:163
INFO:root:Right Elbow:157
INFO:root:Left Shoulder:26
INFO:root:Right Shoulder:40
INFO:root:Right Knee:3
INFO:root:Right Hip:4
INFO:root:Left Hip:6
INFO:root:Left Elbow:163
INFO:root:Right Elbow:155
INFO:root:Left Shoulder:26
INFO:root:Right Shoulder:40
INFO:root:Right Knee:3
INFO:root:Right Hip:4
INFO:root:Left Hip:6
INFO:root:Left Elbow:162
INFO:root:Right Elbow:151
INFO:root:Left Shoulder:27
INFO:root:Right Shoulder:36
INFO:root:Right Knee:3
INFO:root:Right Hip:4
INFO:root:Left Hip:6
INFO:root:Left Elbow:161
INFO:root:Right Elbow:151
INFO:root:Left Shoulder:29
INFO:root:Right Shoulder:37
INFO:root:Right Knee:3
INFO:root:Right Hip:5
INFO:root:Left Hip:5
INFO:root:Left Elbow:161
INFO:root:Right Elbow:152
INFO:root:Left Shoulder:29
INFO:root:Right Shoulder:37
INFO:root:Right Knee:3
INFO:root:Right Hip:5
INFO:root:Left Hip:5
INFO:root:Left Elbow:161
INFO:root:Right Elbow:151
INFO:root:Left Shoulder:29
INFO:root:Right Shoulder:37
INFO:root:Right Knee:3
INFO:root:Right Hip:5
INFO:root:Left Hip:5
